#
# A fatal error has been detected by the Java Runtime Environment:
#
#  EXCEPTION_ACCESS_VIOLATION (0xc0000005) at pc=0x00007ffd025e8073, pid=12376, tid=13580
#
# JRE version: Java(TM) SE Runtime Environment (21.0+35) (build 21+35-LTS-2513)
# Java VM: Java HotSpot(TM) 64-Bit Server VM (21+35-LTS-2513, mixed mode, sharing, tiered, compressed oops, compressed class ptrs, g1 gc, windows-amd64)
# Problematic frame:
# C  [ig9icd64.dll+0x138073]
#
# No core dump will be written. Minidumps are not enabled by default on client versions of Windows
#
# If you would like to submit a bug report, please visit:
#   https://bugreport.java.com/bugreport/crash.jsp
# The crash happened outside the Java Virtual Machine in native code.
# See problematic frame for where to report the bug.
#

---------------  S U M M A R Y ------------

Command Line: -XX:+ShowCodeDetailsInExceptionMessages com.himawari.Main

Host: Intel(R) Core(TM) i7-6700HQ CPU @ 2.60GHz, 8 cores, 19G,  Windows 10 , 64 bit Build 19041 (10.0.19041.5678)
Time: Wed May 21 19:06:30 2025 GMT Summer Time elapsed time: 2.893388 seconds (0d 0h 0m 2s)

---------------  T H R E A D  ---------------

Current thread (0x0000027fb938eec0):  JavaThread "main"             [_thread_in_native, id=13580, stack(0x000000d069c00000,0x000000d069d00000) (1024K)]

Stack: [0x000000d069c00000,0x000000d069d00000],  sp=0x000000d069cfe370,  free space=1016k
Native frames: (J=compiled Java code, j=interpreted, Vv=VM code, C=native code)
C  [ig9icd64.dll+0x138073]

Java frames: (J=compiled Java code, j=interpreted, Vv=VM code)
j  org.lwjgl.opengl.GL11C.nglReadPixels(IIIIIIJ)V+0
j  org.lwjgl.opengl.GL11C.glReadPixels(IIIIIILjava/nio/ByteBuffer;)V+13
j  org.lwjgl.opengl.GL11.glReadPixels(IIIIIILjava/nio/ByteBuffer;)V+10
j  com.himawari.Recording.Recorder.capture()V+38
j  com.himawari.Recording.Recorder.tickRecording()V+27
J 932 c1 com.himawari.Simulation.SimulationController.update()V (52 bytes) @ 0x0000027fc32d47b4 [0x0000027fc32d4620+0x0000000000000194]
j  com.himawari.Gfx.Window.Loop()V+108
j  com.himawari.Main.main([Ljava/lang/String;)V+129
v  ~StubRoutines::call_stub 0x0000027fca6b100d

siginfo: EXCEPTION_ACCESS_VIOLATION (0xc0000005), writing address 0x0000028028450000


Registers:
RAX=0xffffffffffe50000, RBX=0x0000000000000000, RCX=0x0000000000000b9a, RDX=0x0000028028450028
RSP=0x000000d069cfe370, RBP=0x000000d069cfe4e0, RSI=0x000002802847e648, RDI=0x0000028025390000
R8 =0x00000280253619e0, R9 =0x0000000000000006, R10=0x00000000001b0000, R11=0x0000000000000246
R12=0x0000000000000000, R13=0x00000280211e1730, R14=0x000000d069cfe7d0, R15=0x000000d069cfe790
RIP=0x00007ffd025e8073, EFLAGS=0x0000000000010206


Register to memory mapping:

RAX=0xffffffffffe50000 is an unknown value
RBX=0x0 is null
RCX=0x0000000000000b9a is an unknown value
RDX=0x0000028028450028 is an unknown value
RSP=0x000000d069cfe370 is pointing into the stack for thread: 0x0000027fb938eec0
RBP=0x000000d069cfe4e0 is pointing into the stack for thread: 0x0000027fb938eec0
RSI=0x000002802847e648 points into unknown readable memory: 0x00007ffd04180d80 | 80 0d 18 04 fd 7f 00 00
RDI=0x0000028025390000 is an unknown value
R8 =0x00000280253619e0 points into unknown readable memory: 0x0000000000000000 | 00 00 00 00 00 00 00 00
R9 =0x0000000000000006 is an unknown value
R10=0x00000000001b0000 is an unknown value
R11=0x0000000000000246 is an unknown value
R12=0x0 is null
R13=0x00000280211e1730 points into unknown readable memory: 0x0000020000000000 | 00 00 00 00 00 02 00 00
R14=0x000000d069cfe7d0 is pointing into the stack for thread: 0x0000027fb938eec0
R15=0x000000d069cfe790 is pointing into the stack for thread: 0x0000027fb938eec0

Top of Stack: (sp=0x000000d069cfe370)
0x000000d069cfe370:   0000000000000000 0000000000000000
0x000000d069cfe380:   0000000000000000 00007ffd02b73fe1
0x000000d069cfe390:   000000d069cfe7d0 00007ffd02ef0f97
0x000000d069cfe3a0:   000000d069cfe7d0 00000280282ce648
0x000000d069cfe3b0:   00000280251e0000 000000d069cfe540
0x000000d069cfe3c0:   000000d069cfe790 0000000000000900
0x000000d069cfe3d0:   00000280251e0000 00007ffd02eecbec
0x000000d069cfe3e0:   000000d069cfe4e0 00007ffd02ef1390
0x000000d069cfe3f0:   000000d069cfe7d0 000000d069cfe820
0x000000d069cfe400:   000000d069cfe820 00007ffd02eeb8dc
0x000000d069cfe410:   000000d069cfe820 0000000000000000
0x000000d069cfe420:   000000d069cfe820 0000000000000065
0x000000d069cfe430:   0000000000000000 0000028021652d00
0x000000d069cfe440:   000000d069cfe530 0000000000000000
0x000000d069cfe450:   000000d069cfe580 0977000000000001
0x000000d069cfe460:   000000d069cfe700 0000027fb9460c00
0x000000d069cfe470:   0000000000000000 0000000000000900
0x000000d069cfe480:   0000000000000000 0000000000000000
0x000000d069cfe490:   0000000000000000 0000000000000020
0x000000d069cfe4a0:   0000027f00000001 0000000000000000
0x000000d069cfe4b0:   0000000000000000 0000000000000000
0x000000d069cfe4c0:   0000028021652d00 0000000000000000
0x000000d069cfe4d0:   00000280212d9ff0 00007ffd02a81ac3
0x000000d069cfe4e0:   040000002301f000 00000bff02ff02ff
0x000000d069cfe4f0:   0000000000000000 0977000000000000
0x000000d069cfe500:   0000000000000000 0000000140000280
0x000000d069cfe510:   0000027fdbc8e208 000000d069cfe560
0x000000d069cfe520:   0000000000000000 00007ffd024cc3ec
0x000000d069cfe530:   000002802138e140 0000028021652d00
0x000000d069cfe540:   0000000000000001 00007ffd02a7352b
0x000000d069cfe550:   4000254040000280 0000000000000000
0x000000d069cfe560:   00000280251e0000 0000028021652d00 

Instructions: (pc=0x00007ffd025e8073)
0x00007ffd025e7f73:   8b fa 48 8b f1 41 83 f9 06 0f 8c 0b 01 00 00 48
0x00007ffd025e7f83:   83 fb 40 0f 82 01 01 00 00 4c 89 74 24 30 44 8d
0x00007ffd025e7f93:   72 3f 41 83 e6 c0 44 2b f7 74 11 45 8b c6 e8 9a
0x00007ffd025e7fa3:   6f ee ff 49 03 f6 49 03 fe 49 2b de 4c 8b 74 24
0x00007ffd025e7fb3:   30 48 8b cb 48 c1 e9 06 48 85 c9 0f 84 c9 00 00
0x00007ffd025e7fc3:   00 40 f6 c6 0f 75 65 48 85 c9 0f 84 ba 00 00 00
0x00007ffd025e7fd3:   48 8b c1 48 8d 56 20 48 c1 e0 06 4c 8d 47 20 48
0x00007ffd025e7fe3:   03 f0 48 03 f8 48 6b c1 c0 48 03 d8 90 48 8d 52
0x00007ffd025e7ff3:   40 66 41 0f 38 2a 58 e0 66 41 0f 38 2a 50 f0 66
0x00007ffd025e8003:   41 0f 38 2a 08 66 41 0f 38 2a 40 10 f3 0f 7f 42
0x00007ffd025e8013:   d0 4d 8d 40 40 f3 0f 7f 5a a0 f3 0f 7f 52 b0 f3
0x00007ffd025e8023:   0f 7f 4a c0 48 83 e9 01 75 c3 eb 5e 48 85 c9 74
0x00007ffd025e8033:   59 48 8b c1 48 8d 56 20 48 c1 e0 06 4c 8d 47 20
0x00007ffd025e8043:   48 03 f0 48 03 f8 48 6b c1 c0 48 03 d8 48 8d 52
0x00007ffd025e8053:   40 66 41 0f 38 2a 58 e0 66 41 0f 38 2a 50 f0 66
0x00007ffd025e8063:   41 0f 38 2a 08 66 41 0f 38 2a 40 10 4d 8d 40 40
0x00007ffd025e8073:   f3 0f 7f 42 d0 f3 0f 7f 5a a0 f3 0f 7f 52 b0 f3
0x00007ffd025e8083:   0f 7f 4a c0 48 83 e9 01 75 c3 48 85 db 74 0e 4c
0x00007ffd025e8093:   8b c3 48 8b d7 48 8b ce e8 a0 6e ee ff 48 8b 5c
0x00007ffd025e80a3:   24 38 48 8b 74 24 40 48 83 c4 20 5f c3 48 83 ec
0x00007ffd025e80b3:   58 44 0f b6 94 24 98 00 00 00 48 8b 01 44 88 54
0x00007ffd025e80c3:   24 38 4c 8b 94 24 90 00 00 00 4c 89 54 24 30 44
0x00007ffd025e80d3:   8b 94 24 88 00 00 00 48 8b 40 18 44 89 54 24 28
0x00007ffd025e80e3:   44 0f b7 94 24 80 00 00 00 66 44 89 54 24 20 ff
0x00007ffd025e80f3:   15 98 75 a3 00 48 83 c4 58 c3 cc cc cc 48 89 5c
0x00007ffd025e8103:   24 08 48 89 74 24 10 48 89 7c 24 18 4c 89 74 24
0x00007ffd025e8113:   20 41 57 48 83 ec 30 48 8b 19 49 8b f0 48 8b 3a
0x00007ffd025e8123:   4c 8b f2 4c 8b f9 41 83 f9 02 0f 84 70 01 00 00
0x00007ffd025e8133:   41 83 f9 04 74 57 4d 85 c0 74 3f 48 85 db 74 2a
0x00007ffd025e8143:   48 8b cb 48 85 ff 74 1b 48 8b d7 e8 2d 5a 43 00
0x00007ffd025e8153:   48 8d 04 37 48 8d 0c 33 49 89 06 49 89 0f e9 6b
0x00007ffd025e8163:   01 00 00 33 d2 e8 e3 60 43 00 e8 ba 9e 43 00 c7 


Stack slot to memory mapping:

stack at sp + 0 slots: 0x0 is null
stack at sp + 1 slots: 0x0 is null
stack at sp + 2 slots: 0x0 is null
stack at sp + 3 slots: 0x00007ffd02b73fe1 ig9icd64.dll
stack at sp + 4 slots: 0x000000d069cfe7d0 is pointing into the stack for thread: 0x0000027fb938eec0
stack at sp + 5 slots: 0x00007ffd02ef0f97 ig9icd64.dll
stack at sp + 6 slots: 0x000000d069cfe7d0 is pointing into the stack for thread: 0x0000027fb938eec0
stack at sp + 7 slots: 0x00000280282ce648 points into unknown readable memory: 0x0000000000000000 | 00 00 00 00 00 00 00 00


Compiled method (c1)    3037  932   !   3       com.himawari.Simulation.SimulationController::update (52 bytes)
 total in heap  [0x0000027fc32d4410,0x0000027fc32d4dc0] = 2480
 relocation     [0x0000027fc32d4570,0x0000027fc32d4618] = 168
 main code      [0x0000027fc32d4620,0x0000027fc32d4b28] = 1288
 stub code      [0x0000027fc32d4b28,0x0000027fc32d4ba0] = 120
 oops           [0x0000027fc32d4ba0,0x0000027fc32d4ba8] = 8
 metadata       [0x0000027fc32d4ba8,0x0000027fc32d4be8] = 64
 scopes data    [0x0000027fc32d4be8,0x0000027fc32d4c88] = 160
 scopes pcs     [0x0000027fc32d4c88,0x0000027fc32d4d68] = 224
 dependencies   [0x0000027fc32d4d68,0x0000027fc32d4d78] = 16
 handler table  [0x0000027fc32d4d78,0x0000027fc32d4da8] = 48
 nul chk table  [0x0000027fc32d4da8,0x0000027fc32d4dc0] = 24

[Constant Pool (empty)]

[MachCode]
[Entry Point]
  # {method} {0x000002801d642060} 'update' '()V' in 'com/himawari/Simulation/SimulationController'
  #           [sp+0xa0]  (sp of caller)
  0x0000027fc32d4620: 448b 5208 | 49bb 0000 | 00dc 7f02 | 0000 4d03 | d34c 3bd0 

  0x0000027fc32d4634: ;   {runtime_call ic_miss_stub}
  0x0000027fc32d4634: 0f85 46a1 | 4207 660f | 1f44 0000 
[Verified Entry Point]
  0x0000027fc32d4640: 8984 2400 | 80ff ff55 | 4881 ec90 | 0000 0090 | 4181 7f20 | 0100 0000 

  0x0000027fc32d4658: ;   {runtime_call StubRoutines (final stubs)}
  0x0000027fc32d4658: 7405 e801 

  0x0000027fc32d465c: ;   {metadata(method data for {method} {0x000002801d642060} 'update' '()V' in 'com/himawari/Simulation/SimulationController')}
  0x0000027fc32d465c: 0741 0748 | be30 e765 | 1d80 0200 | 008b becc | 0000 0083 | c702 89be | cc00 0000 | 81e7 fe07 
  0x0000027fc32d467c: 0000 83ff | 000f 8493 | 0300 000f | be72 1c83 

  0x0000027fc32d468c: ;   {metadata(method data for {method} {0x000002801d642060} 'update' '()V' in 'com/himawari/Simulation/SimulationController')}
  0x0000027fc32d468c: fe00 48be | 30e7 651d | 8002 0000 | 48bf 1001 | 0000 0000 | 0000 0f84 | 0a00 0000 | 48bf 2001 
  0x0000027fc32d46ac: 0000 0000 | 0000 488b | 1c3e 488d | 5b01 4889 | 1c3e 0f84 | 4003 0000 

  0x0000027fc32d46c4: ;   {metadata(method data for {method} {0x000002801d642060} 'update' '()V' in 'com/himawari/Simulation/SimulationController')}
  0x0000027fc32d46c4: 48be 30e7 | 651d 8002 | 0000 4883 | 8630 0100 

  0x0000027fc32d46d4: ;   {metadata(method data for {method} {0x000002801d403208} 'getInstance' '()Lcom/himawari/Gfx/Window;' in 'com/himawari/Gfx/Window')}
  0x0000027fc32d46d4: 0001 48be | 7071 651d | 8002 0000 | 8bbe cc00 | 0000 83c7 | 0289 becc | 0000 0081 | e7fe ff1f 
  0x0000027fc32d46f4: 0083 ff00 | 0f84 3d03 

  0x0000027fc32d46fc: ;   {oop(a 'java/lang/Class'{0x00000006c9437970} = 'com/himawari/Gfx/Window')}
  0x0000027fc32d46fc: 0000 48be | 7079 43c9 | 0600 0000 | 8b76 7048 | c1e6 03c5 | fb10 4640 | c5fa 104a | 108b 7214 
  0x0000027fc32d471c: c5f2 5ac9 | c5f3 59c8 | c5f3 5ac9 | c5fa 2ac6 | c5f2 59c8 

  0x0000027fc32d4730: ;   {metadata(method data for {method} {0x000002801d642060} 'update' '()V' in 'com/himawari/Simulation/SimulationController')}
  0x0000027fc32d4730: 488b f248 | bf30 e765 | 1d80 0200 

  0x0000027fc32d473c: ;   {metadata('com/himawari/Simulation/SimulationController')}
  0x0000027fc32d473c: 0049 ba98 | f601 dd7f | 0200 004c | 8997 5001 | 0000 4883 | 8758 0100 | 0001 c5f8 | 28c1 488b 
  0x0000027fc32d475c: f248 8bd6 | 4889 7424 

  0x0000027fc32d4764: ;   {optimized virtual_call}
  0x0000027fc32d4764: 6866 90e8 

  0x0000027fc32d4768: ; ImmutableOopMap {[104]=Oop }
                      ;*invokevirtual step {reexecute=0 rethrow=0 return_oop=0}
                      ; - com.himawari.Simulation.SimulationController::update@31 (line 194)
  0x0000027fc32d4768: c103 0000 

  0x0000027fc32d476c: ;   {other}
  0x0000027fc32d476c: 0f1f 8400 | 5c03 0000 | 488b 5424 | 688b 522c | 48c1 e203 

  0x0000027fc32d4780: ; implicit exception: dispatches to 0x0000027fc32d4a61
  0x0000027fc32d4780: 483b 0248 

  0x0000027fc32d4784: ;   {metadata(method data for {method} {0x000002801d642060} 'update' '()V' in 'com/himawari/Simulation/SimulationController')}
  0x0000027fc32d4784: 8bf2 48bf | 30e7 651d | 8002 0000 

  0x0000027fc32d4790: ;   {metadata('com/himawari/Recording/Recorder')}
  0x0000027fc32d4790: 49ba 0000 | 02dd 7f02 | 0000 4c89 | 9788 0100 | 0048 8387 | 9001 0000 | 0166 0f1f 

  0x0000027fc32d47ac: ;   {optimized virtual_call}
  0x0000027fc32d47ac: 4400 00e8 

  0x0000027fc32d47b0: ; ImmutableOopMap {}
                      ;*invokevirtual tickRecording {reexecute=0 rethrow=0 return_oop=0}
                      ; - com.himawari.Simulation.SimulationController::update@38 (line 197)
  0x0000027fc32d47b0: 8903 0000 

  0x0000027fc32d47b4: ;   {other}
  0x0000027fc32d47b4: 0f1f 8400 | a403 0001 

  0x0000027fc32d47bc: ;   {metadata(method data for {method} {0x000002801d642060} 'update' '()V' in 'com/himawari/Simulation/SimulationController')}
  0x0000027fc32d47bc: 48b8 30e7 | 651d 8002 | 0000 ff80 | b001 0000 | 4881 c490 | 0000 005d 

  0x0000027fc32d47d4: ;   {poll_return}
  0x0000027fc32d47d4: 493b a750 | 0400 000f | 8785 0200 | 00c3 498b | 8700 0500 | 004d 33d2 | 4d89 9700 | 0500 004d 
  0x0000027fc32d47f4: 33d2 4d89 | 9708 0500 | 0048 8bd0 

  0x0000027fc32d4800: ;   {metadata(method data for {method} {0x000002801d642060} 'update' '()V' in 'com/himawari/Simulation/SimulationController')}
  0x0000027fc32d4800: 49b8 30e7 | 651d 8002 | 0000 8b52 | 0849 ba00 | 0000 dc7f | 0200 0049 | 03d2 493b | 90d8 0100 
  0x0000027fc32d4820: 0075 0d49 | 8380 e001 | 0000 01e9 | 6000 0000 | 493b 90e8 | 0100 0075 | 0d49 8380 | f001 0000 
  0x0000027fc32d4840: 01e9 4a00 | 0000 4983 | b8d8 0100 | 0000 7517 | 4989 90d8 | 0100 0049 | c780 e001 | 0000 0100 
  0x0000027fc32d4860: 0000 e929 | 0000 0049 | 83b8 e801 | 0000 0075 | 1749 8990 | e801 0000 | 49c7 80f0 | 0100 0001 
  0x0000027fc32d4880: 0000 00e9 | 0800 0000 | 4983 80c8 | 0100 0001 

  0x0000027fc32d4890: ;   {metadata(method data for {method} {0x0000027fdc00c628} 'printStackTrace' '()V' in 'java/lang/Throwable')}
  0x0000027fc32d4890: 48ba 00d7 | 1c1d 8002 | 0000 448b | 82cc 0000 | 0041 83c0 | 0244 8982 | cc00 0000 | 4181 e0fe 
  0x0000027fc32d48b0: ff1f 0041 | 83f8 000f | 84bf 0100 

  0x0000027fc32d48bc: ;   {oop(a 'java/lang/Class'{0x00000006c9401010} = 'java/lang/System')}
  0x0000027fc32d48bc: 0048 ba10 | 1040 c906 | 0000 0044 | 8b42 7849 | c1e0 0348 

  0x0000027fc32d48d0: ;   {metadata(method data for {method} {0x0000027fdc00c628} 'printStackTrace' '()V' in 'java/lang/Throwable')}
  0x0000027fc32d48d0: 8bd0 48be | 00d7 1c1d | 8002 0000 | 8b52 0849 | ba00 0000 | dc7f 0200 | 0049 03d2 | 483b 9620 
  0x0000027fc32d48f0: 0100 0075 | 0d48 8386 | 2801 0000 | 01e9 6000 | 0000 483b | 9630 0100 | 0075 0d48 | 8386 3801 
  0x0000027fc32d4910: 0000 01e9 | 4a00 0000 | 4883 be20 | 0100 0000 | 7517 4889 | 9620 0100 | 0048 c786 | 2801 0000 
  0x0000027fc32d4930: 0100 0000 | e929 0000 | 0048 83be | 3001 0000 | 0075 1748 | 8996 3001 | 0000 48c7 | 8638 0100 
  0x0000027fc32d4950: 0001 0000 | 00e9 0800 | 0000 4883 | 8610 0100 

  0x0000027fc32d4960: ;   {metadata(method data for {method} {0x0000027fdc00c680} 'printStackTrace' '(Ljava/io/PrintStream;)V' in 'java/lang/Throwable')}
  0x0000027fc32d4960: 0001 48ba | 88d8 1c1d | 8002 0000 | 8bb2 cc00 | 0000 83c6 | 0289 b2cc | 0000 0081 | e6fe ff1f 
  0x0000027fc32d4980: 0083 fe00 | 0f84 1301 | 0000 660f | 1f44 0000 

  0x0000027fc32d4990: ;   {no_reloc}
  0x0000027fc32d4990: e938 0100 | 0000 0000 | 0000 4889 | 4424 70e9 | 3301 0000 

  0x0000027fc32d49a4: ;   {metadata(method data for {method} {0x0000027fdc00c680} 'printStackTrace' '(Ljava/io/PrintStream;)V' in 'java/lang/Throwable')}
  0x0000027fc32d49a4: 488b d048 | bf88 d81c | 1d80 0200 | 0048 8387 | 1001 0000 | 0148 8bd0 | 4889 4424 | 7866 0f1f 
  0x0000027fc32d49c4: ;   {optimized virtual_call}
  0x0000027fc32d49c4: 4400 00e8 

  0x0000027fc32d49c8: ; ImmutableOopMap {[112]=Oop [120]=Oop }
                      ;*invokespecial <init> {reexecute=0 rethrow=0 return_oop=0}
                      ; - java.lang.Throwable::printStackTrace@6 (line 660)
                      ; - java.lang.Throwable::printStackTrace@4 (line 651)
                      ; - com.himawari.Simulation.SimulationController::update@48 (line 199)
  0x0000027fc32d49c8: b4a0 4207 

  0x0000027fc32d49cc: ;   {other}
  0x0000027fc32d49cc: 0f1f 8400 | bc05 0002 | 488b 4424 

  0x0000027fc32d49d8: ;   {metadata(method data for {method} {0x0000027fdc00c680} 'printStackTrace' '(Ljava/io/PrintStream;)V' in 'java/lang/Throwable')}
  0x0000027fc32d49d8: 7049 b888 | d81c 1d80 | 0200 0049 | 8380 2001 | 0000 014c | 8b44 2478 | 488b 5424 

  0x0000027fc32d49f4: ;   {optimized virtual_call}
  0x0000027fc32d49f4: 7066 90e8 

  0x0000027fc32d49f8: ; ImmutableOopMap {}
                      ;*invokevirtual printStackTrace {reexecute=0 rethrow=0 return_oop=0}
                      ; - java.lang.Throwable::printStackTrace@9 (line 660)
                      ; - java.lang.Throwable::printStackTrace@4 (line 651)
                      ; - com.himawari.Simulation.SimulationController::update@48 (line 199)
  0x0000027fc32d49f8: 84a0 4207 

  0x0000027fc32d49fc: ;   {other}
  0x0000027fc32d49fc: 0f1f 8400 | ec05 0003 | 4881 c490 | 0000 005d 

  0x0000027fc32d4a0c: ;   {poll_return}
  0x0000027fc32d4a0c: 493b a750 | 0400 000f | 87cb 0000 

  0x0000027fc32d4a18: ;   {metadata({method} {0x000002801d642060} 'update' '()V' in 'com/himawari/Simulation/SimulationController')}
  0x0000027fc32d4a18: 00c3 49ba | 5820 641d | 8002 0000 | 4c89 5424 | 0848 c704 | 24ff ffff 

  0x0000027fc32d4a30: ;   {runtime_call counter_overflow Runtime1 stub}
  0x0000027fc32d4a30: ffe8 ca69 

  0x0000027fc32d4a34: ; ImmutableOopMap {rdx=Oop }
                      ;*synchronization entry
                      ; - com.himawari.Simulation.SimulationController::update@-1 (line 189)
  0x0000027fc32d4a34: 4f07 e94c 

  0x0000027fc32d4a38: ;   {metadata({method} {0x000002801d403208} 'getInstance' '()Lcom/himawari/Gfx/Window;' in 'com/himawari/Gfx/Window')}
  0x0000027fc32d4a38: fcff ff49 | ba00 3240 | 1d80 0200 | 004c 8954 | 2408 48c7 | 0424 ffff 

  0x0000027fc32d4a50: ;   {runtime_call counter_overflow Runtime1 stub}
  0x0000027fc32d4a50: ffff e8a9 

  0x0000027fc32d4a54: ; ImmutableOopMap {rdx=Oop }
                      ;*synchronization entry
                      ; - com.himawari.Gfx.Window::getInstance@-1 (line 33)
                      ; - com.himawari.Simulation.SimulationController::update@7 (line 191)
  0x0000027fc32d4a54: 694f 07e9 | a2fc ffff 

  0x0000027fc32d4a5c: ;   {runtime_call throw_null_pointer_exception Runtime1 stub}
  0x0000027fc32d4a5c: e81f 0e4f 

  0x0000027fc32d4a60: ; ImmutableOopMap {rdx=Oop }
                      ;*getfield frameDelta {reexecute=1 rethrow=0 return_oop=0}
                      ; - (reexecute) com.himawari.Simulation.SimulationController::update@10 (line 191)
                      ;   {runtime_call throw_null_pointer_exception Runtime1 stub}
  0x0000027fc32d4a60: 07e8 1a0e 

  0x0000027fc32d4a64: ; ImmutableOopMap {rdx=Oop }
                      ;*invokevirtual tickRecording {reexecute=0 rethrow=0 return_oop=0}
                      ; - com.himawari.Simulation.SimulationController::update@38 (line 197)
                      ;   {internal_word}
  0x0000027fc32d4a64: 4f07 49ba | d447 2dc3 | 7f02 0000 | 4d89 9768 

  0x0000027fc32d4a74: ;   {runtime_call SafepointBlob}
  0x0000027fc32d4a74: 0400 00e9 | 840c 4307 

  0x0000027fc32d4a7c: ;   {metadata({method} {0x0000027fdc00c628} 'printStackTrace' '()V' in 'java/lang/Throwable')}
  0x0000027fc32d4a7c: 49ba 20c6 | 00dc 7f02 | 0000 4c89 | 5424 0848 | c704 24ff 

  0x0000027fc32d4a90: ;   {runtime_call counter_overflow Runtime1 stub}
  0x0000027fc32d4a90: ffff ffe8 

  0x0000027fc32d4a94: ; ImmutableOopMap {rax=Oop }
                      ;*synchronization entry
                      ; - java.lang.Throwable::printStackTrace@-1 (line 651)
                      ; - com.himawari.Simulation.SimulationController::update@48 (line 199)
  0x0000027fc32d4a94: 6869 4f07 | e920 feff 

  0x0000027fc32d4a9c: ;   {metadata({method} {0x0000027fdc00c680} 'printStackTrace' '(Ljava/io/PrintStream;)V' in 'java/lang/Throwable')}
  0x0000027fc32d4a9c: ff49 ba78 | c600 dc7f | 0200 004c | 8954 2408 | 48c7 0424 | ffff ffff 

  0x0000027fc32d4ab4: ;   {runtime_call counter_overflow Runtime1 stub}
  0x0000027fc32d4ab4: e847 694f 

  0x0000027fc32d4ab8: ; ImmutableOopMap {rax=Oop r8=Oop }
                      ;*synchronization entry
                      ; - java.lang.Throwable::printStackTrace@-1 (line 660)
                      ; - java.lang.Throwable::printStackTrace@4 (line 651)
                      ; - com.himawari.Simulation.SimulationController::update@48 (line 199)
  0x0000027fc32d4ab8: 07e9 ccfe 

  0x0000027fc32d4abc: ;   {metadata(nullptr)}
  0x0000027fc32d4abc: ffff 48ba | 0000 0000 | 0000 0000 | b800 0f05 

  0x0000027fc32d4acc: ;   {runtime_call load_klass_patching Runtime1 stub}
  0x0000027fc32d4acc: 0ae8 ae58 

  0x0000027fc32d4ad0: ; ImmutableOopMap {rax=Oop r8=Oop }
                      ;*new {reexecute=1 rethrow=0 return_oop=0}
                      ; - (reexecute) java.lang.Throwable::printStackTrace@1 (line 660)
                      ; - java.lang.Throwable::printStackTrace@4 (line 651)
                      ; - com.himawari.Simulation.SimulationController::update@48 (line 199)
  0x0000027fc32d4ad0: 4f07 e9b9 | feff ff48 

  0x0000027fc32d4ad8: ;   {runtime_call new_instance Runtime1 stub}
  0x0000027fc32d4ad8: 8bd2 e821 

  0x0000027fc32d4adc: ; ImmutableOopMap {r8=Oop [112]=Oop }
                      ;*new {reexecute=0 rethrow=0 return_oop=0}
                      ; - java.lang.Throwable::printStackTrace@1 (line 660)
                      ; - java.lang.Throwable::printStackTrace@4 (line 651)
                      ; - com.himawari.Simulation.SimulationController::update@48 (line 199)
  0x0000027fc32d4adc: 194f 07e9 | c0fe ffff 

  0x0000027fc32d4ae4: ;   {internal_word}
  0x0000027fc32d4ae4: 49ba 0c4a | 2dc3 7f02 | 0000 4d89 | 9768 0400 

  0x0000027fc32d4af4: ;   {runtime_call SafepointBlob}
  0x0000027fc32d4af4: 00e9 060c | 4307 498b | 8700 0500 | 0049 c787 | 0005 0000 | 0000 0000 | 49c7 8708 | 0500 0000 
  0x0000027fc32d4b14: 0000 0048 | 81c4 9000 

  0x0000027fc32d4b1c: ;   {runtime_call unwind_exception Runtime1 stub}
  0x0000027fc32d4b1c: 0000 5de9 | dcf9 4e07 | f4f4 f4f4 
[Stub Code]
  0x0000027fc32d4b28: ;   {no_reloc}
  0x0000027fc32d4b28: 0f1f 4400 

  0x0000027fc32d4b2c: ;   {static_stub}
  0x0000027fc32d4b2c: 0048 bbe8 | 1d64 1d80 

  0x0000027fc32d4b34: ;   {runtime_call I2C/C2I adapters}
  0x0000027fc32d4b34: 0200 00e9 | ac8e 4307 

  0x0000027fc32d4b3c: ;   {static_stub}
  0x0000027fc32d4b3c: 9048 bb30 | fa64 1d80 

  0x0000027fc32d4b44: ;   {runtime_call I2C/C2I adapters}
  0x0000027fc32d4b44: 0200 00e9 | 17e9 4207 

  0x0000027fc32d4b4c: ;   {static_stub}
  0x0000027fc32d4b4c: 9048 bb00 | 0000 0000 

  0x0000027fc32d4b54: ;   {runtime_call}
  0x0000027fc32d4b54: 0000 00e9 | fbff ffff 

  0x0000027fc32d4b5c: ;   {static_stub}
  0x0000027fc32d4b5c: 48bb 0000 | 0000 0000 

  0x0000027fc32d4b64: ;   {runtime_call}
  0x0000027fc32d4b64: 0000 e9fb 

  0x0000027fc32d4b68: ;   {runtime_call handle_exception_from_callee Runtime1 stub}
  0x0000027fc32d4b68: ffff ffe8 | 9035 4f07 

  0x0000027fc32d4b70: ;   {external_word}
  0x0000027fc32d4b70: 48b9 d017 | f003 fd7f | 0000 4883 

  0x0000027fc32d4b7c: ;   {runtime_call}
  0x0000027fc32d4b7c: e4f0 48b8 | e00c b803 | fd7f 0000 

  0x0000027fc32d4b88: ;   {section_word}
  0x0000027fc32d4b88: ffd0 f449 | ba8b 4b2d | c37f 0200 

  0x0000027fc32d4b94: ;   {runtime_call DeoptimizationBlob}
  0x0000027fc32d4b94: 0041 52e9 | 04fe 4207 | f4f4 f4f4 
[/MachCode]


---------------  P R O C E S S  ---------------

Threads class SMR info:
_java_thread_list=0x0000028029498cb0, length=13, elements={
0x0000027fb938eec0, 0x0000027fdba058d0, 0x0000027fdba07940, 0x0000027fdba0a3b0,
0x0000027fdba0ae10, 0x0000027fdba0bbd0, 0x0000027fdba0c630, 0x0000027fdba0f3d0,
0x0000027fdba1f3a0, 0x0000027fdbc91cc0, 0x0000027fdbc96350, 0x0000028021652370,
0x000002802876add0
}

Java Threads: ( => current thread )
=>0x0000027fb938eec0 JavaThread "main"                              [_thread_in_native, id=13580, stack(0x000000d069c00000,0x000000d069d00000) (1024K)]
  0x0000027fdba058d0 JavaThread "Reference Handler"          daemon [_thread_blocked, id=416, stack(0x000000d06a400000,0x000000d06a500000) (1024K)]
  0x0000027fdba07940 JavaThread "Finalizer"                  daemon [_thread_blocked, id=17628, stack(0x000000d06a500000,0x000000d06a600000) (1024K)]
  0x0000027fdba0a3b0 JavaThread "Signal Dispatcher"          daemon [_thread_blocked, id=19452, stack(0x000000d06a600000,0x000000d06a700000) (1024K)]
  0x0000027fdba0ae10 JavaThread "Attach Listener"            daemon [_thread_blocked, id=11448, stack(0x000000d06a700000,0x000000d06a800000) (1024K)]
  0x0000027fdba0bbd0 JavaThread "Service Thread"             daemon [_thread_blocked, id=92, stack(0x000000d06a800000,0x000000d06a900000) (1024K)]
  0x0000027fdba0c630 JavaThread "Monitor Deflation Thread"   daemon [_thread_blocked, id=3572, stack(0x000000d06a900000,0x000000d06aa00000) (1024K)]
  0x0000027fdba0f3d0 JavaThread "C2 CompilerThread0"         daemon [_thread_blocked, id=8604, stack(0x000000d06aa00000,0x000000d06ab00000) (1024K)]
  0x0000027fdba1f3a0 JavaThread "C1 CompilerThread0"         daemon [_thread_blocked, id=9460, stack(0x000000d06ab00000,0x000000d06ac00000) (1024K)]
  0x0000027fdbc91cc0 JavaThread "Notification Thread"        daemon [_thread_blocked, id=1840, stack(0x000000d06ac00000,0x000000d06ad00000) (1024K)]
  0x0000027fdbc96350 JavaThread "Common-Cleaner"             daemon [_thread_blocked, id=9852, stack(0x000000d06ad00000,0x000000d06ae00000) (1024K)]
  0x0000028021652370 JavaThread "Thread-0"                          [_thread_blocked, id=20724, stack(0x000000d06b500000,0x000000d06b600000) (1024K)]
  0x000002802876add0 JavaThread "C2 CompilerThread1"         daemon [_thread_blocked, id=7540, stack(0x000000d06ae00000,0x000000d06af00000) (1024K)]
Total: 13

Other Threads:
  0x0000027fdb9e38b0 VMThread "VM Thread"                           [id=14016, stack(0x000000d06a300000,0x000000d06a400000) (1024K)]
  0x0000027fdb9cc210 WatcherThread "VM Periodic Task Thread"        [id=23948, stack(0x000000d06a200000,0x000000d06a300000) (1024K)]
  0x0000027fb9581a70 WorkerThread "GC Thread#0"                     [id=20924, stack(0x000000d069d00000,0x000000d069e00000) (1024K)]
  0x00000280217fe9a0 WorkerThread "GC Thread#1"                     [id=19152, stack(0x000000d06b600000,0x000000d06b700000) (1024K)]
  0x0000028021644d20 WorkerThread "GC Thread#2"                     [id=12960, stack(0x000000d06b700000,0x000000d06b800000) (1024K)]
  0x00000280285779c0 WorkerThread "GC Thread#3"                     [id=7476, stack(0x000000d06b800000,0x000000d06b900000) (1024K)]
  0x00000280217b7f00 WorkerThread "GC Thread#4"                     [id=21732, stack(0x000000d06b900000,0x000000d06ba00000) (1024K)]
  0x00000280217b82a0 WorkerThread "GC Thread#5"                     [id=7612, stack(0x000000d06ba00000,0x000000d06bb00000) (1024K)]
  0x00000280217b8640 WorkerThread "GC Thread#6"                     [id=9468, stack(0x000000d06bb00000,0x000000d06bc00000) (1024K)]
  0x00000280217b89e0 WorkerThread "GC Thread#7"                     [id=12076, stack(0x000000d06bc00000,0x000000d06bd00000) (1024K)]
  0x0000027fb958cb40 ConcurrentGCThread "G1 Main Marker"            [id=18292, stack(0x000000d069e00000,0x000000d069f00000) (1024K)]
  0x0000027fb958dde0 WorkerThread "G1 Conc#0"                       [id=880, stack(0x000000d069f00000,0x000000d06a000000) (1024K)]
  0x0000027fdb8a24d0 ConcurrentGCThread "G1 Refine#0"               [id=24064, stack(0x000000d06a000000,0x000000d06a100000) (1024K)]
  0x0000027fb95d79a0 ConcurrentGCThread "G1 Service"                [id=19520, stack(0x000000d06a100000,0x000000d06a200000) (1024K)]
Total: 14

Threads with active compile tasks:
Total: 0

VM state: not at safepoint (normal execution)

VM Mutex/Monitor currently owned by a thread: None

Heap address: 0x00000006c1800000, size: 5096 MB, Compressed Oops mode: Zero based, Oop shift amount: 3

CDS archive(s) mapped at: [0x0000027fdc000000-0x0000027fdcc90000-0x0000027fdcc90000), size 13172736, SharedBaseAddress: 0x0000027fdc000000, ArchiveRelocationMode: 1.
Compressed class space mapped at: 0x0000027fdd000000-0x000002801d000000, reserved size: 1073741824
Narrow klass base: 0x0000027fdc000000, Narrow klass shift: 0, Narrow klass range: 0x100000000

GC Precious Log:
 CardTable entry size: 512
 Card Set container configuration: InlinePtr #cards 4 size 8 Array Of Cards #cards 32 size 80 Howl #buckets 8 coarsen threshold 7372 Howl Bitmap #cards 1024 size 144 coarsen threshold 921 Card regions per heap region 1 cards per card region 8192
 CPUs: 8 total, 8 available
 Memory: 20369M
 Large Page Support: Disabled
 NUMA Support: Disabled
 Compressed Oops: Enabled (Zero based)
 Heap Region Size: 4M
 Heap Min Capacity: 8M
 Heap Initial Capacity: 320M
 Heap Max Capacity: 5096M
 Pre-touch: Disabled
 Parallel Workers: 8
 Concurrent Workers: 2
 Concurrent Refinement Workers: 8
 Periodic GC: Disabled

Heap:
 garbage-first heap   total 327680K, used 112997K [0x00000006c1800000, 0x0000000800000000)
  region size 4096K, 26 young (106496K), 1 survivors (4096K)
 Metaspace       used 5087K, committed 5312K, reserved 1114112K
  class space    used 325K, committed 448K, reserved 1048576K

Heap Regions: E=young(eden), S=young(survivor), O=old, HS=humongous(starts), HC=humongous(continues), CS=collection set, F=free, TAMS=top-at-mark-start, PB=parsable bottom
|   0|0x00000006c1800000, 0x00000006c1c00000, 0x00000006c1c00000|100%|HS|  |TAMS 0x00000006c1800000| PB 0x00000006c1800000| Complete 
|   1|0x00000006c1c00000, 0x00000006c2000000, 0x00000006c2000000|100%|HS|  |TAMS 0x00000006c1c00000| PB 0x00000006c1c00000| Complete 
|   2|0x00000006c2000000, 0x00000006c2400000, 0x00000006c2400000|100%|HS|  |TAMS 0x00000006c2000000| PB 0x00000006c2000000| Complete 
|   3|0x00000006c2400000, 0x00000006c2400000, 0x00000006c2800000|  0%| F|  |TAMS 0x00000006c2400000| PB 0x00000006c2400000| Untracked 
|   4|0x00000006c2800000, 0x00000006c2800000, 0x00000006c2c00000|  0%| F|  |TAMS 0x00000006c2800000| PB 0x00000006c2800000| Untracked 
|   5|0x00000006c2c00000, 0x00000006c2c00000, 0x00000006c3000000|  0%| F|  |TAMS 0x00000006c2c00000| PB 0x00000006c2c00000| Untracked 
|   6|0x00000006c3000000, 0x00000006c3000000, 0x00000006c3400000|  0%| F|  |TAMS 0x00000006c3000000| PB 0x00000006c3000000| Untracked 
|   7|0x00000006c3400000, 0x00000006c3400000, 0x00000006c3800000|  0%| F|  |TAMS 0x00000006c3400000| PB 0x00000006c3400000| Untracked 
|   8|0x00000006c3800000, 0x00000006c3800000, 0x00000006c3c00000|  0%| F|  |TAMS 0x00000006c3800000| PB 0x00000006c3800000| Untracked 
|   9|0x00000006c3c00000, 0x00000006c3c00000, 0x00000006c4000000|  0%| F|  |TAMS 0x00000006c3c00000| PB 0x00000006c3c00000| Untracked 
|  10|0x00000006c4000000, 0x00000006c4000000, 0x00000006c4400000|  0%| F|  |TAMS 0x00000006c4000000| PB 0x00000006c4000000| Untracked 
|  11|0x00000006c4400000, 0x00000006c4400000, 0x00000006c4800000|  0%| F|  |TAMS 0x00000006c4400000| PB 0x00000006c4400000| Untracked 
|  12|0x00000006c4800000, 0x00000006c4800000, 0x00000006c4c00000|  0%| F|  |TAMS 0x00000006c4800000| PB 0x00000006c4800000| Untracked 
|  13|0x00000006c4c00000, 0x00000006c4c00000, 0x00000006c5000000|  0%| F|  |TAMS 0x00000006c4c00000| PB 0x00000006c4c00000| Untracked 
|  14|0x00000006c5000000, 0x00000006c5000000, 0x00000006c5400000|  0%| F|  |TAMS 0x00000006c5000000| PB 0x00000006c5000000| Untracked 
|  15|0x00000006c5400000, 0x00000006c5400000, 0x00000006c5800000|  0%| F|  |TAMS 0x00000006c5400000| PB 0x00000006c5400000| Untracked 
|  16|0x00000006c5800000, 0x00000006c5800000, 0x00000006c5c00000|  0%| F|  |TAMS 0x00000006c5800000| PB 0x00000006c5800000| Untracked 
|  17|0x00000006c5c00000, 0x00000006c5c00000, 0x00000006c6000000|  0%| F|  |TAMS 0x00000006c5c00000| PB 0x00000006c5c00000| Untracked 
|  18|0x00000006c6000000, 0x00000006c6000000, 0x00000006c6400000|  0%| F|  |TAMS 0x00000006c6000000| PB 0x00000006c6000000| Untracked 
|  19|0x00000006c6400000, 0x00000006c6400000, 0x00000006c6800000|  0%| F|  |TAMS 0x00000006c6400000| PB 0x00000006c6400000| Untracked 
|  20|0x00000006c6800000, 0x00000006c6800000, 0x00000006c6c00000|  0%| F|  |TAMS 0x00000006c6800000| PB 0x00000006c6800000| Untracked 
|  21|0x00000006c6c00000, 0x00000006c6c00000, 0x00000006c7000000|  0%| F|  |TAMS 0x00000006c6c00000| PB 0x00000006c6c00000| Untracked 
|  22|0x00000006c7000000, 0x00000006c7000000, 0x00000006c7400000|  0%| F|  |TAMS 0x00000006c7000000| PB 0x00000006c7000000| Untracked 
|  23|0x00000006c7400000, 0x00000006c7400000, 0x00000006c7800000|  0%| F|  |TAMS 0x00000006c7400000| PB 0x00000006c7400000| Untracked 
|  24|0x00000006c7800000, 0x00000006c7800000, 0x00000006c7c00000|  0%| F|  |TAMS 0x00000006c7800000| PB 0x00000006c7800000| Untracked 
|  25|0x00000006c7c00000, 0x00000006c7c00000, 0x00000006c8000000|  0%| F|  |TAMS 0x00000006c7c00000| PB 0x00000006c7c00000| Untracked 
|  26|0x00000006c8000000, 0x00000006c8000000, 0x00000006c8400000|  0%| F|  |TAMS 0x00000006c8000000| PB 0x00000006c8000000| Untracked 
|  27|0x00000006c8400000, 0x00000006c8400000, 0x00000006c8800000|  0%| F|  |TAMS 0x00000006c8400000| PB 0x00000006c8400000| Untracked 
|  28|0x00000006c8800000, 0x00000006c8800000, 0x00000006c8c00000|  0%| F|  |TAMS 0x00000006c8800000| PB 0x00000006c8800000| Untracked 
|  29|0x00000006c8c00000, 0x00000006c8c00000, 0x00000006c9000000|  0%| F|  |TAMS 0x00000006c8c00000| PB 0x00000006c8c00000| Untracked 
|  30|0x00000006c9000000, 0x00000006c9000000, 0x00000006c9400000|  0%| F|  |TAMS 0x00000006c9000000| PB 0x00000006c9000000| Untracked 
|  31|0x00000006c9400000, 0x00000006c9659408, 0x00000006c9800000| 58%| S|CS|TAMS 0x00000006c9400000| PB 0x00000006c9400000| Complete 
|  32|0x00000006c9800000, 0x00000006c9800000, 0x00000006c9c00000|  0%| F|  |TAMS 0x00000006c9800000| PB 0x00000006c9800000| Untracked 
|  33|0x00000006c9c00000, 0x00000006c9c00000, 0x00000006ca000000|  0%| F|  |TAMS 0x00000006c9c00000| PB 0x00000006c9c00000| Untracked 
|  34|0x00000006ca000000, 0x00000006ca000000, 0x00000006ca400000|  0%| F|  |TAMS 0x00000006ca000000| PB 0x00000006ca000000| Untracked 
|  35|0x00000006ca400000, 0x00000006ca400000, 0x00000006ca800000|  0%| F|  |TAMS 0x00000006ca400000| PB 0x00000006ca400000| Untracked 
|  36|0x00000006ca800000, 0x00000006ca800000, 0x00000006cac00000|  0%| F|  |TAMS 0x00000006ca800000| PB 0x00000006ca800000| Untracked 
|  37|0x00000006cac00000, 0x00000006cac00000, 0x00000006cb000000|  0%| F|  |TAMS 0x00000006cac00000| PB 0x00000006cac00000| Untracked 
|  38|0x00000006cb000000, 0x00000006cb000000, 0x00000006cb400000|  0%| F|  |TAMS 0x00000006cb000000| PB 0x00000006cb000000| Untracked 
|  39|0x00000006cb400000, 0x00000006cb400000, 0x00000006cb800000|  0%| F|  |TAMS 0x00000006cb400000| PB 0x00000006cb400000| Untracked 
|  40|0x00000006cb800000, 0x00000006cb800000, 0x00000006cbc00000|  0%| F|  |TAMS 0x00000006cb800000| PB 0x00000006cb800000| Untracked 
|  41|0x00000006cbc00000, 0x00000006cbc00000, 0x00000006cc000000|  0%| F|  |TAMS 0x00000006cbc00000| PB 0x00000006cbc00000| Untracked 
|  42|0x00000006cc000000, 0x00000006cc000000, 0x00000006cc400000|  0%| F|  |TAMS 0x00000006cc000000| PB 0x00000006cc000000| Untracked 
|  43|0x00000006cc400000, 0x00000006cc400000, 0x00000006cc800000|  0%| F|  |TAMS 0x00000006cc400000| PB 0x00000006cc400000| Untracked 
|  44|0x00000006cc800000, 0x00000006cc800000, 0x00000006ccc00000|  0%| F|  |TAMS 0x00000006cc800000| PB 0x00000006cc800000| Untracked 
|  45|0x00000006ccc00000, 0x00000006ccc00000, 0x00000006cd000000|  0%| F|  |TAMS 0x00000006ccc00000| PB 0x00000006ccc00000| Untracked 
|  46|0x00000006cd000000, 0x00000006cd000000, 0x00000006cd400000|  0%| F|  |TAMS 0x00000006cd000000| PB 0x00000006cd000000| Untracked 
|  47|0x00000006cd400000, 0x00000006cd400000, 0x00000006cd800000|  0%| F|  |TAMS 0x00000006cd400000| PB 0x00000006cd400000| Untracked 
|  48|0x00000006cd800000, 0x00000006cd800000, 0x00000006cdc00000|  0%| F|  |TAMS 0x00000006cd800000| PB 0x00000006cd800000| Untracked 
|  49|0x00000006cdc00000, 0x00000006cdc00000, 0x00000006ce000000|  0%| F|  |TAMS 0x00000006cdc00000| PB 0x00000006cdc00000| Untracked 
|  50|0x00000006ce000000, 0x00000006ce000000, 0x00000006ce400000|  0%| F|  |TAMS 0x00000006ce000000| PB 0x00000006ce000000| Untracked 
|  51|0x00000006ce400000, 0x00000006ce400000, 0x00000006ce800000|  0%| F|  |TAMS 0x00000006ce400000| PB 0x00000006ce400000| Untracked 
|  52|0x00000006ce800000, 0x00000006ce800000, 0x00000006cec00000|  0%| F|  |TAMS 0x00000006ce800000| PB 0x00000006ce800000| Untracked 
|  53|0x00000006cec00000, 0x00000006cec00000, 0x00000006cf000000|  0%| F|  |TAMS 0x00000006cec00000| PB 0x00000006cec00000| Untracked 
|  54|0x00000006cf000000, 0x00000006cf000000, 0x00000006cf400000|  0%| F|  |TAMS 0x00000006cf000000| PB 0x00000006cf000000| Untracked 
|  55|0x00000006cf400000, 0x00000006cf5e1c90, 0x00000006cf800000| 47%| E|  |TAMS 0x00000006cf400000| PB 0x00000006cf400000| Complete 
|  56|0x00000006cf800000, 0x00000006cfc00000, 0x00000006cfc00000|100%| E|CS|TAMS 0x00000006cf800000| PB 0x00000006cf800000| Complete 
|  57|0x00000006cfc00000, 0x00000006d0000000, 0x00000006d0000000|100%| E|CS|TAMS 0x00000006cfc00000| PB 0x00000006cfc00000| Complete 
|  58|0x00000006d0000000, 0x00000006d0400000, 0x00000006d0400000|100%| E|CS|TAMS 0x00000006d0000000| PB 0x00000006d0000000| Complete 
|  59|0x00000006d0400000, 0x00000006d0800000, 0x00000006d0800000|100%| E|CS|TAMS 0x00000006d0400000| PB 0x00000006d0400000| Complete 
|  60|0x00000006d0800000, 0x00000006d0c00000, 0x00000006d0c00000|100%| E|CS|TAMS 0x00000006d0800000| PB 0x00000006d0800000| Complete 
|  61|0x00000006d0c00000, 0x00000006d1000000, 0x00000006d1000000|100%| E|CS|TAMS 0x00000006d0c00000| PB 0x00000006d0c00000| Complete 
|  62|0x00000006d1000000, 0x00000006d1400000, 0x00000006d1400000|100%| E|CS|TAMS 0x00000006d1000000| PB 0x00000006d1000000| Complete 
|  63|0x00000006d1400000, 0x00000006d1800000, 0x00000006d1800000|100%| E|CS|TAMS 0x00000006d1400000| PB 0x00000006d1400000| Complete 
|  64|0x00000006d1800000, 0x00000006d1c00000, 0x00000006d1c00000|100%| E|CS|TAMS 0x00000006d1800000| PB 0x00000006d1800000| Complete 
|  65|0x00000006d1c00000, 0x00000006d2000000, 0x00000006d2000000|100%| E|CS|TAMS 0x00000006d1c00000| PB 0x00000006d1c00000| Complete 
|  66|0x00000006d2000000, 0x00000006d2400000, 0x00000006d2400000|100%| E|CS|TAMS 0x00000006d2000000| PB 0x00000006d2000000| Complete 
|  67|0x00000006d2400000, 0x00000006d2800000, 0x00000006d2800000|100%| E|CS|TAMS 0x00000006d2400000| PB 0x00000006d2400000| Complete 
|  68|0x00000006d2800000, 0x00000006d2c00000, 0x00000006d2c00000|100%| E|CS|TAMS 0x00000006d2800000| PB 0x00000006d2800000| Complete 
|  69|0x00000006d2c00000, 0x00000006d3000000, 0x00000006d3000000|100%| E|CS|TAMS 0x00000006d2c00000| PB 0x00000006d2c00000| Complete 
|  70|0x00000006d3000000, 0x00000006d3400000, 0x00000006d3400000|100%| E|CS|TAMS 0x00000006d3000000| PB 0x00000006d3000000| Complete 
|  71|0x00000006d3400000, 0x00000006d3800000, 0x00000006d3800000|100%| E|CS|TAMS 0x00000006d3400000| PB 0x00000006d3400000| Complete 
|  72|0x00000006d3800000, 0x00000006d3c00000, 0x00000006d3c00000|100%| E|CS|TAMS 0x00000006d3800000| PB 0x00000006d3800000| Complete 
|  73|0x00000006d3c00000, 0x00000006d4000000, 0x00000006d4000000|100%| E|CS|TAMS 0x00000006d3c00000| PB 0x00000006d3c00000| Complete 
|  74|0x00000006d4000000, 0x00000006d4400000, 0x00000006d4400000|100%| E|CS|TAMS 0x00000006d4000000| PB 0x00000006d4000000| Complete 
|  75|0x00000006d4400000, 0x00000006d4800000, 0x00000006d4800000|100%| E|CS|TAMS 0x00000006d4400000| PB 0x00000006d4400000| Complete 
|  76|0x00000006d4800000, 0x00000006d4c00000, 0x00000006d4c00000|100%| E|CS|TAMS 0x00000006d4800000| PB 0x00000006d4800000| Complete 
|  77|0x00000006d4c00000, 0x00000006d5000000, 0x00000006d5000000|100%| E|CS|TAMS 0x00000006d4c00000| PB 0x00000006d4c00000| Complete 
|  78|0x00000006d5000000, 0x00000006d5400000, 0x00000006d5400000|100%| E|CS|TAMS 0x00000006d5000000| PB 0x00000006d5000000| Complete 
|  79|0x00000006d5400000, 0x00000006d5800000, 0x00000006d5800000|100%| E|CS|TAMS 0x00000006d5400000| PB 0x00000006d5400000| Complete 

Card table byte_map: [0x0000027fd35f0000,0x0000027fd3ff0000] _byte_map_base: 0x0000027fcffe4000

Marking Bits: (CMBitMap*) 0x0000027fb9582170
 Bits: [0x0000027fd3ff0000, 0x0000027fd8f90000)

Polling page: 0x0000027fb95e0000

Metaspace:

Usage:
  Non-class:      4.65 MB used.
      Class:    325.74 KB used.
       Both:      4.97 MB used.

Virtual space:
  Non-class space:       64.00 MB reserved,       4.75 MB (  7%) committed,  1 nodes.
      Class space:        1.00 GB reserved,     448.00 KB ( <1%) committed,  1 nodes.
             Both:        1.06 GB reserved,       5.19 MB ( <1%) committed. 

Chunk freelists:
   Non-Class:  9.58 MB
       Class:  15.58 MB
        Both:  25.16 MB

MaxMetaspaceSize: unlimited
CompressedClassSpaceSize: 1.00 GB
Initial GC threshold: 21.00 MB
Current GC threshold: 21.00 MB
CDS: on
 - commit_granule_bytes: 65536.
 - commit_granule_words: 8192.
 - virtual_space_node_default_size: 8388608.
 - enlarge_chunks_in_place: 1.
 - use_allocation_guard: 0.


Internal statistics:

num_allocs_failed_limit: 0.
num_arena_births: 122.
num_arena_deaths: 0.
num_vsnodes_births: 2.
num_vsnodes_deaths: 0.
num_space_committed: 81.
num_space_uncommitted: 0.
num_chunks_returned_to_freelist: 0.
num_chunks_taken_from_freelist: 249.
num_chunk_merges: 0.
num_chunk_splits: 158.
num_chunks_enlarged: 97.
num_inconsistent_stats: 0.

CodeHeap 'non-profiled nmethods': size=120000Kb used=509Kb max_used=509Kb free=119490Kb
 bounds [0x0000027fcac50000, 0x0000027fcaec0000, 0x0000027fd2180000]
CodeHeap 'profiled nmethods': size=120000Kb used=1538Kb max_used=1538Kb free=118461Kb
 bounds [0x0000027fc3180000, 0x0000027fc33f0000, 0x0000027fca6b0000]
CodeHeap 'non-nmethods': size=5760Kb used=2147Kb max_used=2193Kb free=3613Kb
 bounds [0x0000027fca6b0000, 0x0000027fca920000, 0x0000027fcac50000]
 total_blobs=2155 nmethods=1047 adapters=1013
 compilation: enabled
              stopped_count=0, restarted_count=0
 full_count=0

Compilation events (20 events):
Event: 2.854 Thread 0x000002802876add0 1039       4       java.awt.image.BufferedImage::setRGB (19 bytes)
Event: 2.854 Thread 0x0000027fdba0f3d0 1040       4       java.awt.image.DirectColorModel::getDataElements (928 bytes)
Event: 2.854 Thread 0x0000027fdba1f3a0 nmethod 1034 0x0000027fc32fcd90 code [0x0000027fc32fcfe0, 0x0000027fc32fde68]
Event: 2.854 Thread 0x0000027fdba1f3a0 1035       2       sun.awt.image.IntegerInterleavedRaster::setDataElements (91 bytes)
Event: 2.855 Thread 0x0000027fdba1f3a0 nmethod 1035 0x0000027fc32fe190 code [0x0000027fc32fe360, 0x0000027fc32fe630]
Event: 2.855 Thread 0x0000027fdba1f3a0 1036       2       sun.awt.image.SunWritableRaster::markDirty (8 bytes)
Event: 2.855 Thread 0x0000027fdba1f3a0 nmethod 1036 0x0000027fc32fe890 code [0x0000027fc32fea20, 0x0000027fc32feb68]
Event: 2.855 Thread 0x0000027fdba1f3a0 1037       2       sun.java2d.StateTrackableDelegate::markDirty (6 bytes)
Event: 2.855 Thread 0x0000027fdba1f3a0 nmethod 1037 0x0000027fc32fec10 code [0x0000027fc32feda0, 0x0000027fc32feed0]
Event: 2.860 Thread 0x000002802876add0 nmethod 1039 0x0000027fcacca390 code [0x0000027fcacca560, 0x0000027fcacca920]
Event: 2.860 Thread 0x000002802876add0 1041       4       java.awt.image.PackedColorModel::equals (152 bytes)
Event: 2.862 Thread 0x0000027fdba0f3d0 nmethod 1040 0x0000027fcaccac90 code [0x0000027fcaccae60, 0x0000027fcaccb310]
Event: 2.862 Thread 0x000002802876add0 nmethod 1041 0x0000027fcaccb710 code [0x0000027fcaccb8a0, 0x0000027fcaccb9a0]
Event: 2.862 Thread 0x000002802876add0 1042       4       sun.awt.image.IntegerInterleavedRaster::setDataElements (91 bytes)
Event: 2.866 Thread 0x0000027fdba1f3a0 1043 %     3       com.himawari.Recording.FrameSaverThread::saveFrame @ 39 (127 bytes)
Event: 2.867 Thread 0x0000027fdba1f3a0 nmethod 1043% 0x0000027fc32fef90 code [0x0000027fc32ff1c0, 0x0000027fc32ffa40]
Event: 2.868 Thread 0x0000027fdba1f3a0 1044       3       com.himawari.Recording.FrameSaverThread::saveFrame (127 bytes)
Event: 2.868 Thread 0x000002802876add0 nmethod 1042 0x0000027fcaccba90 code [0x0000027fcaccbc40, 0x0000027fcaccbf48]
Event: 2.868 Thread 0x0000027fdba1f3a0 nmethod 1044 0x0000027fc32ffd90 code [0x0000027fc32fffc0, 0x0000027fc3300708]
Event: 2.869 Thread 0x000002802876add0 1045 %     4       com.himawari.Recording.FrameSaverThread::saveFrame @ 39 (127 bytes)

GC Heap History (6 events):
Event: 1.251 GC heap before
{Heap before GC invocations=0 (full 0):
 garbage-first heap   total 327680K, used 20480K [0x00000006c1800000, 0x0000000800000000)
  region size 4096K, 5 young (20480K), 0 survivors (0K)
 Metaspace       used 4498K, committed 4672K, reserved 1114112K
  class space    used 267K, committed 384K, reserved 1048576K
}
Event: 1.256 GC heap after
{Heap after GC invocations=1 (full 0):
 garbage-first heap   total 327680K, used 2281K [0x00000006c1800000, 0x0000000800000000)
  region size 4096K, 1 young (4096K), 1 survivors (4096K)
 Metaspace       used 4498K, committed 4672K, reserved 1114112K
  class space    used 267K, committed 384K, reserved 1048576K
}
Event: 1.425 GC heap before
{Heap before GC invocations=1 (full 0):
 garbage-first heap   total 327680K, used 35049K [0x00000006c1800000, 0x0000000800000000)
  region size 4096K, 9 young (36864K), 1 survivors (4096K)
 Metaspace       used 4503K, committed 4672K, reserved 1114112K
  class space    used 267K, committed 384K, reserved 1048576K
}
Event: 1.427 GC heap after
{Heap after GC invocations=2 (full 0):
 garbage-first heap   total 327680K, used 2418K [0x00000006c1800000, 0x0000000800000000)
  region size 4096K, 1 young (4096K), 1 survivors (4096K)
 Metaspace       used 4503K, committed 4672K, reserved 1114112K
  class space    used 267K, committed 384K, reserved 1048576K
}
Event: 2.330 GC heap before
{Heap before GC invocations=2 (full 0):
 garbage-first heap   total 327680K, used 194930K [0x00000006c1800000, 0x0000000800000000)
  region size 4096K, 48 young (196608K), 1 survivors (4096K)
 Metaspace       used 4514K, committed 4672K, reserved 1114112K
  class space    used 267K, committed 384K, reserved 1048576K
}
Event: 2.333 GC heap after
{Heap after GC invocations=3 (full 0):
 garbage-first heap   total 327680K, used 2405K [0x00000006c1800000, 0x0000000800000000)
  region size 4096K, 1 young (4096K), 1 survivors (4096K)
 Metaspace       used 4514K, committed 4672K, reserved 1114112K
  class space    used 267K, committed 384K, reserved 1048576K
}

Dll operation events (9 events):
Event: 0.009 Loaded shared library D:\Program Files\JAVA\jdk-21\bin\java.dll
Event: 0.057 Loaded shared library D:\Program Files\JAVA\jdk-21\bin\jsvml.dll
Event: 0.132 Loaded shared library D:\Program Files\JAVA\jdk-21\bin\net.dll
Event: 0.135 Loaded shared library D:\Program Files\JAVA\jdk-21\bin\nio.dll
Event: 0.139 Loaded shared library D:\Program Files\JAVA\jdk-21\bin\zip.dll
Event: 0.248 Loaded shared library D:\Program Files\JAVA\jdk-21\bin\jimage.dll
Event: 0.292 Loaded shared library C:\Users\tiago\AppData\Local\Temp\lwjgl_tiago\3.3.6+1\x64\lwjgl.dll
Event: 0.673 Loaded shared library C:\Users\tiago\AppData\Local\Temp\lwjgl_tiago\3.3.6+1\x64\lwjgl_opengl.dll
Event: 2.790 Loaded shared library D:\Program Files\JAVA\jdk-21\bin\awt.dll

Deoptimization events (20 events):
Event: 1.822 Thread 0x0000027fb938eec0 Uncommon trap: trap_request=0xffffff45 fr.pc=0x0000027fcaca84b4 relative=0x00000000000005d4
Event: 1.822 Thread 0x0000027fb938eec0 Uncommon trap: reason=unstable_if action=reinterpret pc=0x0000027fcaca84b4 method=java.util.BitSet.get(I)Z @ 45 c2
Event: 1.822 Thread 0x0000027fb938eec0 DEOPT PACKING pc=0x0000027fcaca84b4 sp=0x000000d069cfefc0
Event: 1.822 Thread 0x0000027fb938eec0 DEOPT UNPACKING pc=0x0000027fca7046a2 sp=0x000000d069cfef00 mode 2
Event: 1.822 Thread 0x0000027fb938eec0 Uncommon trap: trap_request=0xffffff45 fr.pc=0x0000027fcac8de38 relative=0x0000000000000098
Event: 1.822 Thread 0x0000027fb938eec0 Uncommon trap: reason=unstable_if action=reinterpret pc=0x0000027fcac8de38 method=java.util.BitSet.get(I)Z @ 45 c2
Event: 1.822 Thread 0x0000027fb938eec0 DEOPT PACKING pc=0x0000027fcac8de38 sp=0x000000d069cfef70
Event: 1.822 Thread 0x0000027fb938eec0 DEOPT UNPACKING pc=0x0000027fca7046a2 sp=0x000000d069cfef00 mode 2
Event: 1.824 Thread 0x0000027fb938eec0 Uncommon trap: trap_request=0xffffff45 fr.pc=0x0000027fcaca10e8 relative=0x0000000000000448
Event: 1.824 Thread 0x0000027fb938eec0 Uncommon trap: reason=unstable_if action=reinterpret pc=0x0000027fcaca10e8 method=java.util.BitSet.get(I)Z @ 45 c2
Event: 1.824 Thread 0x0000027fb938eec0 DEOPT PACKING pc=0x0000027fcaca10e8 sp=0x000000d069cfefc0
Event: 1.824 Thread 0x0000027fb938eec0 DEOPT UNPACKING pc=0x0000027fca7046a2 sp=0x000000d069cfef00 mode 2
Event: 1.911 Thread 0x0000027fb938eec0 DEOPT PACKING pc=0x0000027fc32d9c72 sp=0x000000d069cfef90
Event: 1.911 Thread 0x0000027fb938eec0 DEOPT UNPACKING pc=0x0000027fca704e42 sp=0x000000d069cfe460 mode 0
Event: 1.925 Thread 0x0000027fb938eec0 DEOPT PACKING pc=0x0000027fc32d9c72 sp=0x000000d069cfef90
Event: 1.925 Thread 0x0000027fb938eec0 DEOPT UNPACKING pc=0x0000027fca704e42 sp=0x000000d069cfe460 mode 0
Event: 2.249 Thread 0x0000027fb938eec0 Uncommon trap: trap_request=0xffffff45 fr.pc=0x0000027fcac99c50 relative=0x00000000000002d0
Event: 2.249 Thread 0x0000027fb938eec0 Uncommon trap: reason=unstable_if action=reinterpret pc=0x0000027fcac99c50 method=java.lang.FdLibm$Acos.compute(D)D @ 63 c2
Event: 2.249 Thread 0x0000027fb938eec0 DEOPT PACKING pc=0x0000027fcac99c50 sp=0x000000d069cfee70
Event: 2.249 Thread 0x0000027fb938eec0 DEOPT UNPACKING pc=0x0000027fca7046a2 sp=0x000000d069cfed68 mode 2

Classes loaded (20 events):
Event: 2.810 Loading class sun/awt/resources/awt_en
Event: 2.810 Loading class sun/awt/resources/awt_en done
Event: 2.813 Loading class sun/awt/resources/awt_en_GB
Event: 2.813 Loading class sun/awt/resources/awt_en_GB done
Event: 2.813 Loading class sun/awt/resources/awt_en_GB
Event: 2.813 Loading class sun/awt/resources/awt_en_GB done
Event: 2.813 Loading class java/awt/Toolkit$2
Event: 2.813 Loading class java/awt/Toolkit$2 done
Event: 2.815 Loading class java/awt/Toolkit$1
Event: 2.815 Loading class java/awt/Toolkit$1 done
Event: 2.830 Loading class java/io/FileNotFoundException
Event: 2.830 Loading class java/io/FileNotFoundException done
Event: 2.844 Loading class java/awt/Insets
Event: 2.844 Loading class java/awt/Insets done
Event: 2.845 Loading class java/awt/GraphicsEnvironment
Event: 2.845 Loading class java/awt/GraphicsEnvironment done
Event: 2.846 Loading class sun/awt/PlatformGraphicsInfo
Event: 2.846 Loading class sun/awt/PlatformGraphicsInfo done
Event: 2.847 Loading class java/awt/image/ColorModel$1RGBdefault
Event: 2.847 Loading class java/awt/image/ColorModel$1RGBdefault done

Classes unloaded (0 events):
No events

Classes redefined (0 events):
No events

Internal exceptions (20 events):
Event: 0.301 Thread 0x0000027fb938eec0 Exception <a 'sun/nio/fs/WindowsException'{0x00000006d503c900}> (0x00000006d503c900) 
thrown [s\open\src\hotspot\share\prims\jni.cpp, line 520]
Event: 0.301 Thread 0x0000027fb938eec0 Exception <a 'sun/nio/fs/WindowsException'{0x00000006d503ce30}> (0x00000006d503ce30) 
thrown [s\open\src\hotspot\share\prims\jni.cpp, line 520]
Event: 0.402 Thread 0x0000027fb938eec0 Exception <a 'java/lang/NoSuchMethodError'{0x00000006d50df580}: 'int java.lang.invoke.DirectMethodHandle$Holder.invokeStaticInit(java.lang.Object, java.lang.Object, int, long)'> (0x00000006d50df580) 
thrown [s\open\src\hotspot\share\interpreter\linkResolver.cpp, line 773]
Event: 0.404 Thread 0x0000027fb938eec0 Exception <a 'java/lang/NoSuchMethodError'{0x00000006d50e4858}: 'java.lang.Object java.lang.invoke.DirectMethodHandle$Holder.newInvokeSpecial(java.lang.Object, java.lang.Object, int)'> (0x00000006d50e4858) 
thrown [s\open\src\hotspot\share\interpreter\linkResolver.cpp, line 773]
Event: 0.409 Thread 0x0000027fb938eec0 Exception <a 'java/lang/NoSuchMethodError'{0x00000006d50f39b8}: 'int java.lang.invoke.DirectMethodHandle$Holder.invokeStaticInit(java.lang.Object, java.lang.Object, long, long)'> (0x00000006d50f39b8) 
thrown [s\open\src\hotspot\share\interpreter\linkResolver.cpp, line 773]
Event: 0.410 Thread 0x0000027fb938eec0 Exception <a 'java/lang/NoSuchMethodError'{0x00000006d50f9220}: 'java.lang.Object java.lang.invoke.DirectMethodHandle$Holder.newInvokeSpecial(java.lang.Object, java.lang.Object, long)'> (0x00000006d50f9220) 
thrown [s\open\src\hotspot\share\interpreter\linkResolver.cpp, line 773]
Event: 0.411 Thread 0x0000027fb938eec0 Exception <a 'java/lang/NoSuchMethodError'{0x00000006d50fd2c0}: 'java.lang.Object java.lang.invoke.Invokers$Holder.linkToTargetMethod(java.lang.Object, long, java.lang.Object)'> (0x00000006d50fd2c0) 
thrown [s\open\src\hotspot\share\interpreter\linkResolver.cpp, line 773]
Event: 0.413 Thread 0x0000027fb938eec0 Exception <a 'java/lang/NoSuchMethodError'{0x00000006d5104348}: 'int java.lang.invoke.DirectMethodHandle$Holder.invokeStaticInit(java.lang.Object, java.lang.Object, java.lang.Object, long)'> (0x00000006d5104348) 
thrown [s\open\src\hotspot\share\interpreter\linkResolver.cpp, line 773]
Event: 0.446 Thread 0x0000027fb938eec0 Exception <a 'sun/nio/fs/WindowsException'{0x00000006d51b8300}> (0x00000006d51b8300) 
thrown [s\open\src\hotspot\share\prims\jni.cpp, line 520]
Event: 0.446 Thread 0x0000027fb938eec0 Exception <a 'sun/nio/fs/WindowsException'{0x00000006d51b8660}> (0x00000006d51b8660) 
thrown [s\open\src\hotspot\share\prims\jni.cpp, line 520]
Event: 0.468 Thread 0x0000027fb938eec0 Exception <a 'java/lang/NoSuchMethodError'{0x00000006d51cd408}: 'int java.lang.invoke.Invokers$Holder.invokeExact_MT(java.lang.Object, java.lang.Object)'> (0x00000006d51cd408) 
thrown [s\open\src\hotspot\share\interpreter\linkResolver.cpp, line 773]
Event: 0.657 Thread 0x0000027fb938eec0 Exception <a 'java/lang/NoSuchMethodError'{0x00000006d52567d0}: 'void java.lang.System.load(java.lang.String, java.lang.Class)'> (0x00000006d52567d0) 
thrown [s\open\src\hotspot\share\interpreter\linkResolver.cpp, line 773]
Event: 0.658 Thread 0x0000027fb938eec0 Exception <a 'java/lang/NoSuchMethodError'{0x00000006d5259170}: 'void java.lang.System.loadLibrary(java.lang.String, java.lang.Class)'> (0x00000006d5259170) 
thrown [s\open\src\hotspot\share\interpreter\linkResolver.cpp, line 773]
Event: 0.670 Thread 0x0000027fb938eec0 Exception <a 'sun/nio/fs/WindowsException'{0x00000006d5268688}> (0x00000006d5268688) 
thrown [s\open\src\hotspot\share\prims\jni.cpp, line 520]
Event: 0.671 Thread 0x0000027fb938eec0 Exception <a 'sun/nio/fs/WindowsException'{0x00000006d5268a28}> (0x00000006d5268a28) 
thrown [s\open\src\hotspot\share\prims\jni.cpp, line 520]
Event: 0.694 Thread 0x0000027fb938eec0 Exception <a 'sun/nio/fs/WindowsException'{0x00000006d5273fa0}> (0x00000006d5273fa0) 
thrown [s\open\src\hotspot\share\prims\jni.cpp, line 520]
Event: 0.694 Thread 0x0000027fb938eec0 Exception <a 'sun/nio/fs/WindowsException'{0x00000006d5274270}> (0x00000006d5274270) 
thrown [s\open\src\hotspot\share\prims\jni.cpp, line 520]
Event: 2.808 Thread 0x0000028021652370 Exception <a 'java/lang/ClassNotFoundException'{0x00000006d32097a0}: sun/awt/resources/spi/awtProvider> (0x00000006d32097a0) 
thrown [s\open\src\hotspot\share\classfile\systemDictionary.cpp, line 312]
Event: 2.831 Thread 0x0000028021652370 Exception <a 'java/io/FileNotFoundException'{0x00000006d32512f0}> (0x00000006d32512f0) 
thrown [s\open\src\hotspot\share\prims\jni.cpp, line 520]
Event: 2.844 Thread 0x0000028021652370 Exception <a 'java/io/FileNotFoundException'{0x00000006d327b138}> (0x00000006d327b138) 
thrown [s\open\src\hotspot\share\prims\jni.cpp, line 520]

ZGC Phase Switch (0 events):
No events

VM Operations (10 events):
Event: 0.142 Executing VM operation: HandshakeAllThreads (Deoptimize)
Event: 0.142 Executing VM operation: HandshakeAllThreads (Deoptimize) done
Event: 0.277 Executing VM operation: HandshakeAllThreads (Deoptimize)
Event: 0.277 Executing VM operation: HandshakeAllThreads (Deoptimize) done
Event: 1.251 Executing VM operation: G1CollectForAllocation (G1 Evacuation Pause)
Event: 1.256 Executing VM operation: G1CollectForAllocation (G1 Evacuation Pause) done
Event: 1.425 Executing VM operation: G1CollectForAllocation (G1 Evacuation Pause)
Event: 1.428 Executing VM operation: G1CollectForAllocation (G1 Evacuation Pause) done
Event: 2.329 Executing VM operation: G1CollectForAllocation (G1 Evacuation Pause)
Event: 2.333 Executing VM operation: G1CollectForAllocation (G1 Evacuation Pause) done

Events (19 events):
Event: 0.032 Thread 0x0000027fb938eec0 Thread added: 0x0000027fb938eec0
Event: 0.053 Thread 0x0000027fdba058d0 Thread added: 0x0000027fdba058d0
Event: 0.053 Thread 0x0000027fdba07940 Thread added: 0x0000027fdba07940
Event: 0.054 Thread 0x0000027fdba0a3b0 Thread added: 0x0000027fdba0a3b0
Event: 0.054 Thread 0x0000027fdba0ae10 Thread added: 0x0000027fdba0ae10
Event: 0.054 Thread 0x0000027fdba0bbd0 Thread added: 0x0000027fdba0bbd0
Event: 0.054 Thread 0x0000027fdba0c630 Thread added: 0x0000027fdba0c630
Event: 0.054 Thread 0x0000027fdba0f3d0 Thread added: 0x0000027fdba0f3d0
Event: 0.054 Thread 0x0000027fdba1f3a0 Thread added: 0x0000027fdba1f3a0
Event: 0.098 Thread 0x0000027fdbc91cc0 Thread added: 0x0000027fdbc91cc0
Event: 0.103 Thread 0x0000027fdbc96350 Thread added: 0x0000027fdbc96350
Event: 0.391 Thread 0x0000027fdbf65240 Thread added: 0x0000027fdbf65240
Event: 0.618 Thread 0x0000027fdbf65240 Thread exited: 0x0000027fdbf65240
Event: 1.232 Thread 0x0000028021734ab0 Thread added: 0x0000028021734ab0
Event: 1.245 Thread 0x0000028021652370 Thread added: 0x0000028021652370
Event: 2.250 Thread 0x0000028021652370 Thread exited: 0x0000028021652370
Event: 2.492 Thread 0x0000028021652370 Thread added: 0x0000028021652370
Event: 2.738 Thread 0x0000028021734ab0 Thread exited: 0x0000028021734ab0
Event: 2.836 Thread 0x000002802876add0 Thread added: 0x000002802876add0


Dynamic libraries:
0x00007ff7b3890000 - 0x00007ff7b38a0000 	D:\Program Files\JAVA\jdk-21\bin\java.exe
0x00007ffdb4fd0000 - 0x00007ffdb51c8000 	C:\WINDOWS\SYSTEM32\ntdll.dll
0x00007ffdb4070000 - 0x00007ffdb4132000 	C:\WINDOWS\System32\KERNEL32.DLL
0x00007ffdb2aa0000 - 0x00007ffdb2d96000 	C:\WINDOWS\System32\KERNELBASE.dll
0x00007ffdb2870000 - 0x00007ffdb2970000 	C:\WINDOWS\System32\ucrtbase.dll
0x00007ffda76d0000 - 0x00007ffda76e9000 	D:\Program Files\JAVA\jdk-21\bin\jli.dll
0x00007ffd815f0000 - 0x00007ffd8160b000 	D:\Program Files\JAVA\jdk-21\bin\VCRUNTIME140.dll
0x00007ffdb2ff0000 - 0x00007ffdb309f000 	C:\WINDOWS\System32\ADVAPI32.dll
0x00007ffdb46e0000 - 0x00007ffdb477e000 	C:\WINDOWS\System32\msvcrt.dll
0x00007ffdb4ef0000 - 0x00007ffdb4f8f000 	C:\WINDOWS\System32\sechost.dll
0x00007ffdb4520000 - 0x00007ffdb4643000 	C:\WINDOWS\System32\RPCRT4.dll
0x00007ffdb2da0000 - 0x00007ffdb2dc7000 	C:\WINDOWS\System32\bcrypt.dll
0x00007ffdb3a30000 - 0x00007ffdb3bcd000 	C:\WINDOWS\System32\USER32.dll
0x00007ffdb2660000 - 0x00007ffdb2682000 	C:\WINDOWS\System32\win32u.dll
0x00007ffda45b0000 - 0x00007ffda484a000 	C:\WINDOWS\WinSxS\amd64_microsoft.windows.common-controls_6595b64144ccf1df_6.0.19041.4355_none_60b8b9eb71f62e16\COMCTL32.dll
0x00007ffdb3a00000 - 0x00007ffdb3a2b000 	C:\WINDOWS\System32\GDI32.dll
0x00007ffdb2e80000 - 0x00007ffdb2f9a000 	C:\WINDOWS\System32\gdi32full.dll
0x00007ffdb2a00000 - 0x00007ffdb2a9d000 	C:\WINDOWS\System32\msvcp_win.dll
0x00007ffdad710000 - 0x00007ffdad71a000 	C:\WINDOWS\SYSTEM32\VERSION.dll
0x00007ffdb3bd0000 - 0x00007ffdb3bff000 	C:\WINDOWS\System32\IMM32.DLL
0x00007ffdac5c0000 - 0x00007ffdac5cc000 	D:\Program Files\JAVA\jdk-21\bin\vcruntime140_1.dll
0x00007ffd789e0000 - 0x00007ffd78a6e000 	D:\Program Files\JAVA\jdk-21\bin\msvcp140.dll
0x00007ffd03560000 - 0x00007ffd04273000 	D:\Program Files\JAVA\jdk-21\bin\server\jvm.dll
0x00007ffdb3df0000 - 0x00007ffdb3e5b000 	C:\WINDOWS\System32\WS2_32.dll
0x00007ffdb1b70000 - 0x00007ffdb1bbb000 	C:\WINDOWS\SYSTEM32\POWRPROF.dll
0x00007ffda4a20000 - 0x00007ffda4a47000 	C:\WINDOWS\SYSTEM32\WINMM.dll
0x00007ffdb1a30000 - 0x00007ffdb1a42000 	C:\WINDOWS\SYSTEM32\UMPDC.dll
0x00007ffdb0e40000 - 0x00007ffdb0e52000 	C:\WINDOWS\SYSTEM32\kernel.appcore.dll
0x00007ffdab440000 - 0x00007ffdab44a000 	D:\Program Files\JAVA\jdk-21\bin\jimage.dll
0x00007ffdb0b00000 - 0x00007ffdb0ce4000 	C:\WINDOWS\SYSTEM32\DBGHELP.DLL
0x00007ffd8b610000 - 0x00007ffd8b644000 	C:\WINDOWS\SYSTEM32\dbgcore.DLL
0x00007ffdb2970000 - 0x00007ffdb29f2000 	C:\WINDOWS\System32\bcryptPrimitives.dll
0x00007ffd79f60000 - 0x00007ffd79f7f000 	D:\Program Files\JAVA\jdk-21\bin\java.dll
0x00007ffdb4780000 - 0x00007ffdb4eef000 	C:\WINDOWS\System32\SHELL32.dll
0x00007ffdb0350000 - 0x00007ffdb0af3000 	C:\WINDOWS\SYSTEM32\windows.storage.dll
0x00007ffdb3640000 - 0x00007ffdb3995000 	C:\WINDOWS\System32\combase.dll
0x00007ffdb2090000 - 0x00007ffdb20bb000 	C:\WINDOWS\SYSTEM32\Wldp.dll
0x00007ffdb3fa0000 - 0x00007ffdb406d000 	C:\WINDOWS\System32\OLEAUT32.dll
0x00007ffdb3590000 - 0x00007ffdb363d000 	C:\WINDOWS\System32\SHCORE.dll
0x00007ffdb39a0000 - 0x00007ffdb39f5000 	C:\WINDOWS\System32\shlwapi.dll
0x00007ffdb2590000 - 0x00007ffdb25b5000 	C:\WINDOWS\SYSTEM32\profapi.dll
0x00007ffd2a7e0000 - 0x00007ffd2a8b7000 	D:\Program Files\JAVA\jdk-21\bin\jsvml.dll
0x00007ffdaa630000 - 0x00007ffdaa640000 	D:\Program Files\JAVA\jdk-21\bin\net.dll
0x00007ffda95c0000 - 0x00007ffda96ca000 	C:\WINDOWS\SYSTEM32\WINHTTP.dll
0x00007ffdb1dd0000 - 0x00007ffdb1e3c000 	C:\WINDOWS\system32\mswsock.dll
0x00007ffd78e20000 - 0x00007ffd78e36000 	D:\Program Files\JAVA\jdk-21\bin\nio.dll
0x00007ffd78e00000 - 0x00007ffd78e18000 	D:\Program Files\JAVA\jdk-21\bin\zip.dll
0x00007ffd2a590000 - 0x00007ffd2a60e000 	C:\Users\tiago\AppData\Local\Temp\lwjgl_tiago\3.3.6+1\x64\lwjgl.dll
0x00007ffd2a750000 - 0x00007ffd2a7d9000 	C:\Users\tiago\AppData\Local\Temp\lwjgl_tiago\3.3.6+1\x64\glfw.dll
0x00007ffd2a700000 - 0x00007ffd2a745000 	C:\WINDOWS\SYSTEM32\dinput8.dll
0x00007ffd789c0000 - 0x00007ffd789d1000 	C:\WINDOWS\SYSTEM32\xinput1_4.dll
0x00007ffdb2fa0000 - 0x00007ffdb2fee000 	C:\WINDOWS\System32\cfgmgr32.dll
0x00007ffdb2410000 - 0x00007ffdb2443000 	C:\WINDOWS\SYSTEM32\DEVOBJ.dll
0x00007ffdafdb0000 - 0x00007ffdafddf000 	C:\WINDOWS\SYSTEM32\dwmapi.dll
0x00007ffda5a60000 - 0x00007ffda5bb2000 	C:\WINDOWS\SYSTEM32\inputhost.dll
0x00007ffdae540000 - 0x00007ffdae697000 	C:\WINDOWS\SYSTEM32\wintypes.dll
0x00007ffdace60000 - 0x00007ffdacf52000 	C:\WINDOWS\SYSTEM32\CoreMessaging.dll
0x00007ffdaf8f0000 - 0x00007ffdaf9e6000 	C:\WINDOWS\SYSTEM32\PROPSYS.dll
0x00007ffdac690000 - 0x00007ffdac9eb000 	C:\WINDOWS\SYSTEM32\CoreUIComponents.dll
0x00007ffdb18c0000 - 0x00007ffdb18f3000 	C:\WINDOWS\SYSTEM32\ntmarta.dll
0x00007ffdaf3b0000 - 0x00007ffdaf44e000 	C:\WINDOWS\system32\uxtheme.dll
0x00007ffdb3c20000 - 0x00007ffdb3d35000 	C:\WINDOWS\System32\MSCTF.dll
0x00007ffd9d440000 - 0x00007ffd9d568000 	C:\WINDOWS\SYSTEM32\opengl32.dll
0x00007ffda9de0000 - 0x00007ffda9e0c000 	C:\WINDOWS\SYSTEM32\GLU32.dll
0x00007ffdb3d40000 - 0x00007ffdb3de9000 	C:\WINDOWS\System32\clbcatq.dll
0x00007ffd024b0000 - 0x00007ffd03555000 	C:\WINDOWS\System32\DriverStore\FileRepository\iigd_dch.inf_amd64_51f685305808e3a5\ig9icd64.dll
0x00007ffdb43f0000 - 0x00007ffdb451b000 	C:\WINDOWS\System32\ole32.dll
0x00007ffdb0eb0000 - 0x00007ffdb0fa6000 	C:\WINDOWS\system32\dxgi.dll
0x00007ffd24670000 - 0x00007ffd2479c000 	C:\WINDOWS\System32\DriverStore\FileRepository\iigd_dch.inf_amd64_51f685305808e3a5\igdml64.dll
0x00007ffda4a50000 - 0x00007ffda4e59000 	C:\WINDOWS\System32\DriverStore\FileRepository\iigd_dch.inf_amd64_51f685305808e3a5\igdgmm64.dll
0x00007ffd9fb10000 - 0x00007ffda32a4000 	C:\WINDOWS\System32\DriverStore\FileRepository\iigd_dch.inf_amd64_51f685305808e3a5\igc64.dll
0x00007ffda5bc0000 - 0x00007ffda5cb9000 	C:\WINDOWS\SYSTEM32\textinputframework.dll
0x00007ffd2a6a0000 - 0x00007ffd2a6fd000 	C:\Users\tiago\AppData\Local\Temp\lwjgl_tiago\3.3.6+1\x64\lwjgl_opengl.dll
0x00007ffd1aa40000 - 0x00007ffd1abcf000 	D:\Program Files\JAVA\jdk-21\bin\awt.dll
0x00007ffdae480000 - 0x00007ffdae514000 	C:\WINDOWS\SYSTEM32\apphelp.dll

dbghelp: loaded successfully - version: 4.0.5 - missing functions: none
symbol engine: initialized successfully - sym options: 0x614 - pdb path: .;D:\Program Files\JAVA\jdk-21\bin;C:\WINDOWS\SYSTEM32;C:\WINDOWS\WinSxS\amd64_microsoft.windows.common-controls_6595b64144ccf1df_6.0.19041.4355_none_60b8b9eb71f62e16;D:\Program Files\JAVA\jdk-21\bin\server;C:\Users\tiago\AppData\Local\Temp\lwjgl_tiago\3.3.6+1\x64;C:\WINDOWS\System32\DriverStore\FileRepository\iigd_dch.inf_amd64_51f685305808e3a5

VM Arguments:
jvm_args: -XX:+ShowCodeDetailsInExceptionMessages 
java_command: com.himawari.Main
java_class_path (initial): D:\TIAGO\program\3denginetake2\engine\target\classes;C:\Users\tiago\.m2\repository\io\github\spair\imgui-java-app\1.89.0\imgui-java-app-1.89.0.jar;C:\Users\tiago\.m2\repository\org\lwjgl\lwjgl\3.3.4\lwjgl-3.3.4-natives-linux.jar;C:\Users\tiago\.m2\repository\org\lwjgl\lwjgl-glfw\3.3.4\lwjgl-glfw-3.3.4-natives-linux.jar;C:\Users\tiago\.m2\repository\org\lwjgl\lwjgl-opengl\3.3.4\lwjgl-opengl-3.3.4-natives-linux.jar;C:\Users\tiago\.m2\repository\org\lwjgl\lwjgl\3.3.4\lwjgl-3.3.4-natives-macos.jar;C:\Users\tiago\.m2\repository\org\lwjgl\lwjgl-glfw\3.3.4\lwjgl-glfw-3.3.4-natives-macos.jar;C:\Users\tiago\.m2\repository\org\lwjgl\lwjgl-opengl\3.3.4\lwjgl-opengl-3.3.4-natives-macos.jar;C:\Users\tiago\.m2\repository\org\lwjgl\lwjgl\3.3.4\lwjgl-3.3.4-natives-macos-arm64.jar;C:\Users\tiago\.m2\repository\org\lwjgl\lwjgl-glfw\3.3.4\lwjgl-glfw-3.3.4-natives-macos-arm64.jar;C:\Users\tiago\.m2\repository\org\lwjgl\lwjgl-opengl\3.3.4\lwjgl-opengl-3.3.4-natives-macos-arm64.jar;C:\Users\tiago\.m2\repository\io\github\spair\imgui-java-natives-windows\1.89.0\imgui-java-natives-windows-1.89.0.jar;C:\Users\tiago\.m2\repository\io\github\spair\imgui-java-binding\1.89.0\imgui-java-binding-1.89.0.jar;C:\Users\tiago\.m2\repository\io\github\spair\imgui-java-lwjgl3\1.89.0\imgui-java-lwjgl3-1.89.0.jar;C:\Users\tiago\.m2\repository\org\lwjgl\lwjgl\3.3.6\lwjgl-3.3.6.jar;C:\Users\tiago\.m2\repository\org\lwjgl\lwjgl-glfw\3.3.6\lwjgl-glfw-3.3.6.jar;C:\Users\tiago\.m2\repository\org\lwjgl\lwjgl-opengl\3.3.6\lwjgl-opengl-3.3.6.jar;C:\Users\tiago\.m2\repository\org\lwjgl\lwjgl\3.3.6\lwjgl-3.3.6-natives-windows.jar;C:\Users\tiago\.m2\repository\org\lwjgl\lwjgl-opengl\3.3.6\lwjgl-opengl-3.3.6-natives-windows.jar;C:\Users\tiago\.m2\repository\org\lwjgl\lwjgl-glfw\3.3.6\lwjgl-glfw-3.3.6-natives-windows.jar;C:\Users\tiago\.m2\repository\com\sun\jna\jna\3.0.9\jna-3.0.9.jar
Launcher Type: SUN_STANDARD

[Global flags]
     intx CICompilerCount                          = 4                                         {product} {ergonomic}
     uint ConcGCThreads                            = 2                                         {product} {ergonomic}
     uint G1ConcRefinementThreads                  = 8                                         {product} {ergonomic}
   size_t G1HeapRegionSize                         = 4194304                                   {product} {ergonomic}
    uintx GCDrainStackTargetSize                   = 64                                        {product} {ergonomic}
   size_t InitialHeapSize                          = 335544320                                 {product} {ergonomic}
   size_t MarkStackSize                            = 4194304                                   {product} {ergonomic}
   size_t MaxHeapSize                              = 5343543296                                {product} {ergonomic}
   size_t MaxNewSize                               = 3204448256                                {product} {ergonomic}
   size_t MinHeapDeltaBytes                        = 4194304                                   {product} {ergonomic}
   size_t MinHeapSize                              = 8388608                                   {product} {ergonomic}
    uintx NonNMethodCodeHeapSize                   = 5839372                                {pd product} {ergonomic}
    uintx NonProfiledCodeHeapSize                  = 122909434                              {pd product} {ergonomic}
    uintx ProfiledCodeHeapSize                     = 122909434                              {pd product} {ergonomic}
    uintx ReservedCodeCacheSize                    = 251658240                              {pd product} {ergonomic}
     bool SegmentedCodeCache                       = true                                      {product} {ergonomic}
     bool ShowCodeDetailsInExceptionMessages       = true                                   {manageable} {command line}
   size_t SoftMaxHeapSize                          = 5343543296                             {manageable} {ergonomic}
     bool UseCompressedOops                        = true                           {product lp64_product} {ergonomic}
     bool UseG1GC                                  = true                                      {product} {ergonomic}
     bool UseLargePagesIndividualAllocation        = false                                  {pd product} {ergonomic}

Logging:
Log output configuration:
 #0: stdout all=warning uptime,level,tags foldmultilines=false
 #1: stderr all=off uptime,level,tags foldmultilines=false

Environment Variables:
JAVA_HOME=D:\Program Files\JAVA\jdk-21
PATH=C:\Program Files (x86)\Common Files\Intel\Shared Libraries\redist\intel64\compiler;D:\app\tiago\product\23ai\dbhomeFree\bin;C:\Program Files\Common Files\Oracle\Java\javapath;D:\Program Files\Python39\Scripts\;D:\Program Files\Python39\;C:\Program Files (x86)\Common Files\Oracle\Java\javapath;C:\WINDOWS\system32;C:\WINDOWS;C:\WINDOWS\System32\Wbem;C:\WINDOWS\System32\WindowsPowerShell\v1.0\;C:\WINDOWS\System32\OpenSSH\;C:\Program Files\dotnet\;D:\Program Files\gnuplot\bin;D:\Program Files\CMake\bin;C:\ProgramData\chocolatey\bin;C:\Program Files\Meson\;D:\Program Files (x86)\kaitai-struct-compiler\bin;D:\Program Files\Neovim\bin;C:\Program Files\usbipd-win\;D:\Program Files\Git\cmd;D:\Program Files\nodejs\;D:\Program Files\PuTTY\;D:\MingW\bin;C:\Users\tiago\scoop\apps\miniconda3\current\Library\bin;C:\Users\tiago\scoop\apps\nodejs\current\bin;C:\Users\tiago\scoop\apps\nodejs\current;C:\Users\tiago\scoop\shims;C:\Users\tiago\.cargo\bin;C:\Users\tiago\AppData\Local\Microsoft\WindowsApps;C:\Users\tiago\.dotnet\tools;C:\Users\tiago\AppData\Local\Programs\BFGroup\B2\;D:\Program Files\Neovim\bin;D:\Program Files\lua;D:\Program Files\JetBrains\IntelliJ IDEA 2023.2.3\bin;;D:\Program Files\Maven\apache-maven-3.9.5\bin;D:\Program Files\JAVA\sdljava-0.9.1\lib;D:\Program Files\JAVA\jdk-21\bin;D:\ProgramData\Git\bin;C:\Users\tiago\AppData\Local\Programs\VSCodium\bin;D:\cc65-snapshot-win32\bin;C:\Program Files\JetBrains\PyCharm Community Edition 2024.1.2\bin;;D:\Program Files\JetBrains\PyCharm 2024.1.4\bin;;D:\TIAGO\program\videothing\ffmpeg\bin;D:\Program Files\LOVE;D:\Program Files (x86)\GnuWin32\bin;D:\Program Files\JetBrains\CLion 2024.3.1.1\bin;;C:\Users\tiago\.dotnet\tools;C:\Users\tiago\AppData\Roaming\npm;D:\TIAGO\school\iseppers\pi4\libs;
USERNAME=tiago
LANG=en_US.UTF-8
OS=Windows_NT
PROCESSOR_IDENTIFIER=Intel64 Family 6 Model 94 Stepping 3, GenuineIntel
TMP=C:\Users\tiago\AppData\Local\Temp
TEMP=C:\Users\tiago\AppData\Local\Temp




---------------  S Y S T E M  ---------------

OS:
 Windows 10 , 64 bit Build 19041 (10.0.19041.5678)
OS uptime: 7 days 7:50 hours
Hyper-V role detected

CPU: total 8 (initial active 8) (4 cores per cpu, 2 threads per core) family 6 model 94 stepping 3 microcode 0xe2, cx8, cmov, fxsr, ht, mmx, 3dnowpref, sse, sse2, sse3, ssse3, sse4.1, sse4.2, popcnt, lzcnt, tsc, tscinvbit, avx, avx2, aes, erms, clmul, bmi1, bmi2, rtm, adx, fma, vzeroupper, clflush, clflushopt, hv, rdtscp, f16c
Processor Information for all 8 processors :
  Max Mhz: 2592, Current Mhz: 2592, Mhz Limit: 2592

Memory: 4k page, system-wide physical 20369M (7998M free)
TotalPageFile size 23488M (AvailPageFile size 7101M)
current process WorkingSet (physical memory assigned to process): 326M, peak: 326M
current process commit charge ("private bytes"): 453M, peak: 462M

vm_info: Java HotSpot(TM) 64-Bit Server VM (21+35-LTS-2513) for windows-amd64 JRE (21+35-LTS-2513), built on 2023-08-09T20:25:10Z by "mach5one" with MS VC++ 17.1 (VS2022)

END.
