#
# A fatal error has been detected by the Java Runtime Environment:
#
#  EXCEPTION_ACCESS_VIOLATION (0xc0000005) at pc=0x00007ffd025e8073, pid=24456, tid=5028
#
# JRE version: Java(TM) SE Runtime Environment (21.0+35) (build 21+35-LTS-2513)
# Java VM: Java HotSpot(TM) 64-Bit Server VM (21+35-LTS-2513, mixed mode, sharing, tiered, compressed oops, compressed class ptrs, g1 gc, windows-amd64)
# Problematic frame:
# C  [ig9icd64.dll+0x138073]
#
# No core dump will be written. Minidumps are not enabled by default on client versions of Windows
#
# If you would like to submit a bug report, please visit:
#   https://bugreport.java.com/bugreport/crash.jsp
# The crash happened outside the Java Virtual Machine in native code.
# See problematic frame for where to report the bug.
#

---------------  S U M M A R Y ------------

Command Line: -XX:+ShowCodeDetailsInExceptionMessages com.himawari.Main

Host: Intel(R) Core(TM) i7-6700HQ CPU @ 2.60GHz, 8 cores, 19G,  Windows 10 , 64 bit Build 19041 (10.0.19041.5678)
Time: Wed May 21 19:05:46 2025 GMT Summer Time elapsed time: 3.283812 seconds (0d 0h 0m 3s)

---------------  T H R E A D  ---------------

Current thread (0x0000019991551640):  JavaThread "main"             [_thread_in_native, id=5028, stack(0x0000003b4fa00000,0x0000003b4fb00000) (1024K)]

Stack: [0x0000003b4fa00000,0x0000003b4fb00000],  sp=0x0000003b4fafea20,  free space=1018k
Native frames: (J=compiled Java code, j=interpreted, Vv=VM code, C=native code)
C  [ig9icd64.dll+0x138073]

Java frames: (J=compiled Java code, j=interpreted, Vv=VM code)
j  org.lwjgl.opengl.GL11C.nglReadPixels(IIIIIIJ)V+0
j  org.lwjgl.opengl.GL11C.glReadPixels(IIIIIILjava/nio/ByteBuffer;)V+13
j  org.lwjgl.opengl.GL11.glReadPixels(IIIIIILjava/nio/ByteBuffer;)V+10
j  com.himawari.Recording.Recorder.capture()V+38
j  com.himawari.Recording.Recorder.tickRecording()V+27
J 930 c1 com.himawari.Simulation.SimulationController.update()V (52 bytes) @ 0x000001999bc5bbb4 [0x000001999bc5ba20+0x0000000000000194]
j  com.himawari.Gfx.Window.Loop()V+108
j  com.himawari.Main.main([Ljava/lang/String;)V+129
v  ~StubRoutines::call_stub 0x00000199a303100d

siginfo: EXCEPTION_ACCESS_VIOLATION (0xc0000005), writing address 0x0000019981576003


Registers:
RAX=0xffffffffffe50000, RBX=0x0000000000000000, RCX=0x00000000000006cf, RDX=0x0000019981576033
RSP=0x0000003b4fafea20, RBP=0x0000003b4fafeb90, RSI=0x0000019981591393, RDI=0x00000199fd5b0000
R8 =0x00000199fd594ca0, R9 =0x0000000000000006, R10=0x00000000001b0000, R11=0x0000000000000246
R12=0x0000000000000000, R13=0x00000199f978fca0, R14=0x0000003b4fafee80, R15=0x0000003b4fafee40
RIP=0x00007ffd025e8073, EFLAGS=0x0000000000010216


Register to memory mapping:

RAX=0xffffffffffe50000 is an unknown value
RBX=0x0 is null
RCX=0x00000000000006cf is an unknown value
RDX=0x0000019981576033 is an unknown value
RSP=0x0000003b4fafea20 is pointing into the stack for thread: 0x0000019991551640
RBP=0x0000003b4fafeb90 is pointing into the stack for thread: 0x0000019991551640
RSI=0x0000019981591393 points into unknown readable memory: 04 fd 7f 00 00
RDI=0x00000199fd5b0000 is an unknown value
R8 =0x00000199fd594ca0 points into unknown readable memory: 0x0000000000000000 | 00 00 00 00 00 00 00 00
R9 =0x0000000000000006 is an unknown value
R10=0x00000000001b0000 is an unknown value
R11=0x0000000000000246 is an unknown value
R12=0x0 is null
R13=0x00000199f978fca0 points into unknown readable memory: 0x0000010000000000 | 00 00 00 00 00 01 00 00
R14=0x0000003b4fafee80 is pointing into the stack for thread: 0x0000019991551640
R15=0x0000003b4fafee40 is pointing into the stack for thread: 0x0000019991551640

Top of Stack: (sp=0x0000003b4fafea20)
0x0000003b4fafea20:   0000000000000000 0000000000000000
0x0000003b4fafea30:   0000000000000000 00007ffd02b73fe1
0x0000003b4fafea40:   0000003b4fafee80 00007ffd02ef0f97
0x0000003b4fafea50:   0000003b4fafee80 00000199813e1393
0x0000003b4fafea60:   00000199fd400000 0000003b4fafebf0
0x0000003b4fafea70:   0000003b4fafee40 0000000000000900
0x0000003b4fafea80:   00000199fd400000 00007ffd02eecbec
0x0000003b4fafea90:   0000003b4fafeb90 00007ffd02ef1390
0x0000003b4fafeaa0:   0000003b4fafee80 0000003b4fafeed0
0x0000003b4fafeab0:   0000003b4fafeed0 00007ffd02eeb8dc
0x0000003b4fafeac0:   0000003b4fafeed0 0000000000000000
0x0000003b4fafead0:   0000003b4fafeed0 0000000000000065
0x0000003b4fafeae0:   0000000000000000 00000199f95745a0
0x0000003b4fafeaf0:   0000003b4fafebe0 0000000000000000
0x0000003b4fafeb00:   0000003b4fafec30 0977000000000001
0x0000003b4fafeb10:   0000003b4fafed00 0000019991620c00
0x0000003b4fafeb20:   0000000000000000 0000000000000900
0x0000003b4fafeb30:   0000000000000000 0000000000000000
0x0000003b4fafeb40:   0000000000000000 0000000000000020
0x0000003b4fafeb50:   0000019900000001 0000000000000000
0x0000003b4fafeb60:   0000000000000000 0000000000000000
0x0000003b4fafeb70:   00000199f95745a0 0000000000000000
0x0000003b4fafeb80:   00000199f9767a10 00007ffd02a81ac3
0x0000003b4fafeb90:   040000002301f000 00000bff02ff02ff
0x0000003b4fafeba0:   0000000000000000 0977000000000000
0x0000003b4fafebb0:   0000000000000000 0000000140000280
0x0000003b4fafebc0:   00000199f9152c58 0000003b4fafec10
0x0000003b4fafebd0:   0000000000000000 00007ffd024cc3ec
0x0000003b4fafebe0:   00000199f980dbc0 00000199f95745a0
0x0000003b4fafebf0:   0000000000000001 00007ffd02a7352b
0x0000003b4fafec00:   4000254040000280 0000000000000000
0x0000003b4fafec10:   00000199fd400000 00000199f95745a0 

Instructions: (pc=0x00007ffd025e8073)
0x00007ffd025e7f73:   8b fa 48 8b f1 41 83 f9 06 0f 8c 0b 01 00 00 48
0x00007ffd025e7f83:   83 fb 40 0f 82 01 01 00 00 4c 89 74 24 30 44 8d
0x00007ffd025e7f93:   72 3f 41 83 e6 c0 44 2b f7 74 11 45 8b c6 e8 9a
0x00007ffd025e7fa3:   6f ee ff 49 03 f6 49 03 fe 49 2b de 4c 8b 74 24
0x00007ffd025e7fb3:   30 48 8b cb 48 c1 e9 06 48 85 c9 0f 84 c9 00 00
0x00007ffd025e7fc3:   00 40 f6 c6 0f 75 65 48 85 c9 0f 84 ba 00 00 00
0x00007ffd025e7fd3:   48 8b c1 48 8d 56 20 48 c1 e0 06 4c 8d 47 20 48
0x00007ffd025e7fe3:   03 f0 48 03 f8 48 6b c1 c0 48 03 d8 90 48 8d 52
0x00007ffd025e7ff3:   40 66 41 0f 38 2a 58 e0 66 41 0f 38 2a 50 f0 66
0x00007ffd025e8003:   41 0f 38 2a 08 66 41 0f 38 2a 40 10 f3 0f 7f 42
0x00007ffd025e8013:   d0 4d 8d 40 40 f3 0f 7f 5a a0 f3 0f 7f 52 b0 f3
0x00007ffd025e8023:   0f 7f 4a c0 48 83 e9 01 75 c3 eb 5e 48 85 c9 74
0x00007ffd025e8033:   59 48 8b c1 48 8d 56 20 48 c1 e0 06 4c 8d 47 20
0x00007ffd025e8043:   48 03 f0 48 03 f8 48 6b c1 c0 48 03 d8 48 8d 52
0x00007ffd025e8053:   40 66 41 0f 38 2a 58 e0 66 41 0f 38 2a 50 f0 66
0x00007ffd025e8063:   41 0f 38 2a 08 66 41 0f 38 2a 40 10 4d 8d 40 40
0x00007ffd025e8073:   f3 0f 7f 42 d0 f3 0f 7f 5a a0 f3 0f 7f 52 b0 f3
0x00007ffd025e8083:   0f 7f 4a c0 48 83 e9 01 75 c3 48 85 db 74 0e 4c
0x00007ffd025e8093:   8b c3 48 8b d7 48 8b ce e8 a0 6e ee ff 48 8b 5c
0x00007ffd025e80a3:   24 38 48 8b 74 24 40 48 83 c4 20 5f c3 48 83 ec
0x00007ffd025e80b3:   58 44 0f b6 94 24 98 00 00 00 48 8b 01 44 88 54
0x00007ffd025e80c3:   24 38 4c 8b 94 24 90 00 00 00 4c 89 54 24 30 44
0x00007ffd025e80d3:   8b 94 24 88 00 00 00 48 8b 40 18 44 89 54 24 28
0x00007ffd025e80e3:   44 0f b7 94 24 80 00 00 00 66 44 89 54 24 20 ff
0x00007ffd025e80f3:   15 98 75 a3 00 48 83 c4 58 c3 cc cc cc 48 89 5c
0x00007ffd025e8103:   24 08 48 89 74 24 10 48 89 7c 24 18 4c 89 74 24
0x00007ffd025e8113:   20 41 57 48 83 ec 30 48 8b 19 49 8b f0 48 8b 3a
0x00007ffd025e8123:   4c 8b f2 4c 8b f9 41 83 f9 02 0f 84 70 01 00 00
0x00007ffd025e8133:   41 83 f9 04 74 57 4d 85 c0 74 3f 48 85 db 74 2a
0x00007ffd025e8143:   48 8b cb 48 85 ff 74 1b 48 8b d7 e8 2d 5a 43 00
0x00007ffd025e8153:   48 8d 04 37 48 8d 0c 33 49 89 06 49 89 0f e9 6b
0x00007ffd025e8163:   01 00 00 33 d2 e8 e3 60 43 00 e8 ba 9e 43 00 c7 


Stack slot to memory mapping:

stack at sp + 0 slots: 0x0 is null
stack at sp + 1 slots: 0x0 is null
stack at sp + 2 slots: 0x0 is null
stack at sp + 3 slots: 0x00007ffd02b73fe1 ig9icd64.dll
stack at sp + 4 slots: 0x0000003b4fafee80 is pointing into the stack for thread: 0x0000019991551640
stack at sp + 5 slots: 0x00007ffd02ef0f97 ig9icd64.dll
stack at sp + 6 slots: 0x0000003b4fafee80 is pointing into the stack for thread: 0x0000019991551640
stack at sp + 7 slots: 0x00000199813e1393 points into unknown readable memory: 00 00 00 00 00


Compiled method (c1)    3424  930   !   3       com.himawari.Simulation.SimulationController::update (52 bytes)
 total in heap  [0x000001999bc5b810,0x000001999bc5c1c0] = 2480
 relocation     [0x000001999bc5b970,0x000001999bc5ba18] = 168
 main code      [0x000001999bc5ba20,0x000001999bc5bf28] = 1288
 stub code      [0x000001999bc5bf28,0x000001999bc5bfa0] = 120
 oops           [0x000001999bc5bfa0,0x000001999bc5bfa8] = 8
 metadata       [0x000001999bc5bfa8,0x000001999bc5bfe8] = 64
 scopes data    [0x000001999bc5bfe8,0x000001999bc5c088] = 160
 scopes pcs     [0x000001999bc5c088,0x000001999bc5c168] = 224
 dependencies   [0x000001999bc5c168,0x000001999bc5c178] = 16
 handler table  [0x000001999bc5c178,0x000001999bc5c1a8] = 48
 nul chk table  [0x000001999bc5c1a8,0x000001999bc5c1c0] = 24

[Constant Pool (empty)]

[MachCode]
[Entry Point]
  # {method} {0x00000199f5642060} 'update' '()V' in 'com/himawari/Simulation/SimulationController'
  #           [sp+0xa0]  (sp of caller)
  0x000001999bc5ba20: 448b 5208 | 49bb 0000 | 00b4 9901 | 0000 4d03 | d34c 3bd0 

  0x000001999bc5ba34: ;   {runtime_call ic_miss_stub}
  0x000001999bc5ba34: 0f85 462d | 4207 660f | 1f44 0000 
[Verified Entry Point]
  0x000001999bc5ba40: 8984 2400 | 80ff ff55 | 4881 ec90 | 0000 0090 | 4181 7f20 | 0100 0000 

  0x000001999bc5ba58: ;   {runtime_call StubRoutines (final stubs)}
  0x000001999bc5ba58: 7405 e801 

  0x000001999bc5ba5c: ;   {metadata(method data for {method} {0x00000199f5642060} 'update' '()V' in 'com/himawari/Simulation/SimulationController')}
  0x000001999bc5ba5c: 9340 0748 | be68 e465 | f599 0100 | 008b becc | 0000 0083 | c702 89be | cc00 0000 | 81e7 fe07 
  0x000001999bc5ba7c: 0000 83ff | 000f 8493 | 0300 000f | be72 1c83 

  0x000001999bc5ba8c: ;   {metadata(method data for {method} {0x00000199f5642060} 'update' '()V' in 'com/himawari/Simulation/SimulationController')}
  0x000001999bc5ba8c: fe00 48be | 68e4 65f5 | 9901 0000 | 48bf 1001 | 0000 0000 | 0000 0f84 | 0a00 0000 | 48bf 2001 
  0x000001999bc5baac: 0000 0000 | 0000 488b | 1c3e 488d | 5b01 4889 | 1c3e 0f84 | 4003 0000 

  0x000001999bc5bac4: ;   {metadata(method data for {method} {0x00000199f5642060} 'update' '()V' in 'com/himawari/Simulation/SimulationController')}
  0x000001999bc5bac4: 48be 68e4 | 65f5 9901 | 0000 4883 | 8630 0100 

  0x000001999bc5bad4: ;   {metadata(method data for {method} {0x00000199f5403208} 'getInstance' '()Lcom/himawari/Gfx/Window;' in 'com/himawari/Gfx/Window')}
  0x000001999bc5bad4: 0001 48be | 7071 65f5 | 9901 0000 | 8bbe cc00 | 0000 83c7 | 0289 becc | 0000 0081 | e7fe ff1f 
  0x000001999bc5baf4: 0083 ff00 | 0f84 3d03 

  0x000001999bc5bafc: ;   {oop(a 'java/lang/Class'{0x00000006c94003d8} = 'com/himawari/Gfx/Window')}
  0x000001999bc5bafc: 0000 48be | d803 40c9 | 0600 0000 | 8b76 7048 | c1e6 03c5 | fb10 4640 | c5fa 104a | 108b 7214 
  0x000001999bc5bb1c: c5f2 5ac9 | c5f3 59c8 | c5f3 5ac9 | c5fa 2ac6 | c5f2 59c8 

  0x000001999bc5bb30: ;   {metadata(method data for {method} {0x00000199f5642060} 'update' '()V' in 'com/himawari/Simulation/SimulationController')}
  0x000001999bc5bb30: 488b f248 | bf68 e465 | f599 0100 

  0x000001999bc5bb3c: ;   {metadata('com/himawari/Simulation/SimulationController')}
  0x000001999bc5bb3c: 0049 ba98 | f601 b599 | 0100 004c | 8997 5001 | 0000 4883 | 8758 0100 | 0001 c5f8 | 28c1 488b 
  0x000001999bc5bb5c: f248 8bd6 | 4889 7424 

  0x000001999bc5bb64: ;   {optimized virtual_call}
  0x000001999bc5bb64: 6866 90e8 

  0x000001999bc5bb68: ; ImmutableOopMap {[104]=Oop }
                      ;*invokevirtual step {reexecute=0 rethrow=0 return_oop=0}
                      ; - com.himawari.Simulation.SimulationController::update@31 (line 194)
  0x000001999bc5bb68: c103 0000 

  0x000001999bc5bb6c: ;   {other}
  0x000001999bc5bb6c: 0f1f 8400 | 5c03 0000 | 488b 5424 | 688b 522c | 48c1 e203 

  0x000001999bc5bb80: ; implicit exception: dispatches to 0x000001999bc5be61
  0x000001999bc5bb80: 483b 0248 

  0x000001999bc5bb84: ;   {metadata(method data for {method} {0x00000199f5642060} 'update' '()V' in 'com/himawari/Simulation/SimulationController')}
  0x000001999bc5bb84: 8bf2 48bf | 68e4 65f5 | 9901 0000 

  0x000001999bc5bb90: ;   {metadata('com/himawari/Recording/Recorder')}
  0x000001999bc5bb90: 49ba 0000 | 02b5 9901 | 0000 4c89 | 9788 0100 | 0048 8387 | 9001 0000 | 0166 0f1f 

  0x000001999bc5bbac: ;   {optimized virtual_call}
  0x000001999bc5bbac: 4400 00e8 

  0x000001999bc5bbb0: ; ImmutableOopMap {}
                      ;*invokevirtual tickRecording {reexecute=0 rethrow=0 return_oop=0}
                      ; - com.himawari.Simulation.SimulationController::update@38 (line 197)
  0x000001999bc5bbb0: 8903 0000 

  0x000001999bc5bbb4: ;   {other}
  0x000001999bc5bbb4: 0f1f 8400 | a403 0001 

  0x000001999bc5bbbc: ;   {metadata(method data for {method} {0x00000199f5642060} 'update' '()V' in 'com/himawari/Simulation/SimulationController')}
  0x000001999bc5bbbc: 48b8 68e4 | 65f5 9901 | 0000 ff80 | b001 0000 | 4881 c490 | 0000 005d 

  0x000001999bc5bbd4: ;   {poll_return}
  0x000001999bc5bbd4: 493b a750 | 0400 000f | 8785 0200 | 00c3 498b | 8700 0500 | 004d 33d2 | 4d89 9700 | 0500 004d 
  0x000001999bc5bbf4: 33d2 4d89 | 9708 0500 | 0048 8bd0 

  0x000001999bc5bc00: ;   {metadata(method data for {method} {0x00000199f5642060} 'update' '()V' in 'com/himawari/Simulation/SimulationController')}
  0x000001999bc5bc00: 49b8 68e4 | 65f5 9901 | 0000 8b52 | 0849 ba00 | 0000 b499 | 0100 0049 | 03d2 493b | 90d8 0100 
  0x000001999bc5bc20: 0075 0d49 | 8380 e001 | 0000 01e9 | 6000 0000 | 493b 90e8 | 0100 0075 | 0d49 8380 | f001 0000 
  0x000001999bc5bc40: 01e9 4a00 | 0000 4983 | b8d8 0100 | 0000 7517 | 4989 90d8 | 0100 0049 | c780 e001 | 0000 0100 
  0x000001999bc5bc60: 0000 e929 | 0000 0049 | 83b8 e801 | 0000 0075 | 1749 8990 | e801 0000 | 49c7 80f0 | 0100 0001 
  0x000001999bc5bc80: 0000 00e9 | 0800 0000 | 4983 80c8 | 0100 0001 

  0x000001999bc5bc90: ;   {metadata(method data for {method} {0x00000199b400c628} 'printStackTrace' '()V' in 'java/lang/Throwable')}
  0x000001999bc5bc90: 48ba 3820 | 1df5 9901 | 0000 448b | 82cc 0000 | 0041 83c0 | 0244 8982 | cc00 0000 | 4181 e0fe 
  0x000001999bc5bcb0: ff1f 0041 | 83f8 000f | 84bf 0100 

  0x000001999bc5bcbc: ;   {oop(a 'java/lang/Class'{0x00000006c9439278} = 'java/lang/System')}
  0x000001999bc5bcbc: 0048 ba78 | 9243 c906 | 0000 0044 | 8b42 7849 | c1e0 0348 

  0x000001999bc5bcd0: ;   {metadata(method data for {method} {0x00000199b400c628} 'printStackTrace' '()V' in 'java/lang/Throwable')}
  0x000001999bc5bcd0: 8bd0 48be | 3820 1df5 | 9901 0000 | 8b52 0849 | ba00 0000 | b499 0100 | 0049 03d2 | 483b 9620 
  0x000001999bc5bcf0: 0100 0075 | 0d48 8386 | 2801 0000 | 01e9 6000 | 0000 483b | 9630 0100 | 0075 0d48 | 8386 3801 
  0x000001999bc5bd10: 0000 01e9 | 4a00 0000 | 4883 be20 | 0100 0000 | 7517 4889 | 9620 0100 | 0048 c786 | 2801 0000 
  0x000001999bc5bd30: 0100 0000 | e929 0000 | 0048 83be | 3001 0000 | 0075 1748 | 8996 3001 | 0000 48c7 | 8638 0100 
  0x000001999bc5bd50: 0001 0000 | 00e9 0800 | 0000 4883 | 8610 0100 

  0x000001999bc5bd60: ;   {metadata(method data for {method} {0x00000199b400c680} 'printStackTrace' '(Ljava/io/PrintStream;)V' in 'java/lang/Throwable')}
  0x000001999bc5bd60: 0001 48ba | c021 1df5 | 9901 0000 | 8bb2 cc00 | 0000 83c6 | 0289 b2cc | 0000 0081 | e6fe ff1f 
  0x000001999bc5bd80: 0083 fe00 | 0f84 1301 | 0000 660f | 1f44 0000 

  0x000001999bc5bd90: ;   {no_reloc}
  0x000001999bc5bd90: e938 0100 | 0000 0000 | 0000 4889 | 4424 70e9 | 3301 0000 

  0x000001999bc5bda4: ;   {metadata(method data for {method} {0x00000199b400c680} 'printStackTrace' '(Ljava/io/PrintStream;)V' in 'java/lang/Throwable')}
  0x000001999bc5bda4: 488b d048 | bfc0 211d | f599 0100 | 0048 8387 | 1001 0000 | 0148 8bd0 | 4889 4424 | 7866 0f1f 
  0x000001999bc5bdc4: ;   {optimized virtual_call}
  0x000001999bc5bdc4: 4400 00e8 

  0x000001999bc5bdc8: ; ImmutableOopMap {[112]=Oop [120]=Oop }
                      ;*invokespecial <init> {reexecute=0 rethrow=0 return_oop=0}
                      ; - java.lang.Throwable::printStackTrace@6 (line 660)
                      ; - java.lang.Throwable::printStackTrace@4 (line 651)
                      ; - com.himawari.Simulation.SimulationController::update@48 (line 199)
  0x000001999bc5bdc8: b42c 4207 

  0x000001999bc5bdcc: ;   {other}
  0x000001999bc5bdcc: 0f1f 8400 | bc05 0002 | 488b 4424 

  0x000001999bc5bdd8: ;   {metadata(method data for {method} {0x00000199b400c680} 'printStackTrace' '(Ljava/io/PrintStream;)V' in 'java/lang/Throwable')}
  0x000001999bc5bdd8: 7049 b8c0 | 211d f599 | 0100 0049 | 8380 2001 | 0000 014c | 8b44 2478 | 488b 5424 

  0x000001999bc5bdf4: ;   {optimized virtual_call}
  0x000001999bc5bdf4: 7066 90e8 

  0x000001999bc5bdf8: ; ImmutableOopMap {}
                      ;*invokevirtual printStackTrace {reexecute=0 rethrow=0 return_oop=0}
                      ; - java.lang.Throwable::printStackTrace@9 (line 660)
                      ; - java.lang.Throwable::printStackTrace@4 (line 651)
                      ; - com.himawari.Simulation.SimulationController::update@48 (line 199)
  0x000001999bc5bdf8: 842c 4207 

  0x000001999bc5bdfc: ;   {other}
  0x000001999bc5bdfc: 0f1f 8400 | ec05 0003 | 4881 c490 | 0000 005d 

  0x000001999bc5be0c: ;   {poll_return}
  0x000001999bc5be0c: 493b a750 | 0400 000f | 87cb 0000 

  0x000001999bc5be18: ;   {metadata({method} {0x00000199f5642060} 'update' '()V' in 'com/himawari/Simulation/SimulationController')}
  0x000001999bc5be18: 00c3 49ba | 5820 64f5 | 9901 0000 | 4c89 5424 | 0848 c704 | 24ff ffff 

  0x000001999bc5be30: ;   {runtime_call counter_overflow Runtime1 stub}
  0x000001999bc5be30: ffe8 cae6 

  0x000001999bc5be34: ; ImmutableOopMap {rdx=Oop }
                      ;*synchronization entry
                      ; - com.himawari.Simulation.SimulationController::update@-1 (line 189)
  0x000001999bc5be34: 4e07 e94c 

  0x000001999bc5be38: ;   {metadata({method} {0x00000199f5403208} 'getInstance' '()Lcom/himawari/Gfx/Window;' in 'com/himawari/Gfx/Window')}
  0x000001999bc5be38: fcff ff49 | ba00 3240 | f599 0100 | 004c 8954 | 2408 48c7 | 0424 ffff 

  0x000001999bc5be50: ;   {runtime_call counter_overflow Runtime1 stub}
  0x000001999bc5be50: ffff e8a9 

  0x000001999bc5be54: ; ImmutableOopMap {rdx=Oop }
                      ;*synchronization entry
                      ; - com.himawari.Gfx.Window::getInstance@-1 (line 33)
                      ; - com.himawari.Simulation.SimulationController::update@7 (line 191)
  0x000001999bc5be54: e64e 07e9 | a2fc ffff 

  0x000001999bc5be5c: ;   {runtime_call throw_null_pointer_exception Runtime1 stub}
  0x000001999bc5be5c: e89f 704e 

  0x000001999bc5be60: ; ImmutableOopMap {rdx=Oop }
                      ;*getfield frameDelta {reexecute=1 rethrow=0 return_oop=0}
                      ; - (reexecute) com.himawari.Simulation.SimulationController::update@10 (line 191)
                      ;   {runtime_call throw_null_pointer_exception Runtime1 stub}
  0x000001999bc5be60: 07e8 9a70 

  0x000001999bc5be64: ; ImmutableOopMap {rdx=Oop }
                      ;*invokevirtual tickRecording {reexecute=0 rethrow=0 return_oop=0}
                      ; - com.himawari.Simulation.SimulationController::update@38 (line 197)
                      ;   {internal_word}
  0x000001999bc5be64: 4e07 49ba | d4bb c59b | 9901 0000 | 4d89 9768 

  0x000001999bc5be74: ;   {runtime_call SafepointBlob}
  0x000001999bc5be74: 0400 00e9 | 8498 4207 

  0x000001999bc5be7c: ;   {metadata({method} {0x00000199b400c628} 'printStackTrace' '()V' in 'java/lang/Throwable')}
  0x000001999bc5be7c: 49ba 20c6 | 00b4 9901 | 0000 4c89 | 5424 0848 | c704 24ff 

  0x000001999bc5be90: ;   {runtime_call counter_overflow Runtime1 stub}
  0x000001999bc5be90: ffff ffe8 

  0x000001999bc5be94: ; ImmutableOopMap {rax=Oop }
                      ;*synchronization entry
                      ; - java.lang.Throwable::printStackTrace@-1 (line 651)
                      ; - com.himawari.Simulation.SimulationController::update@48 (line 199)
  0x000001999bc5be94: 68e6 4e07 | e920 feff 

  0x000001999bc5be9c: ;   {metadata({method} {0x00000199b400c680} 'printStackTrace' '(Ljava/io/PrintStream;)V' in 'java/lang/Throwable')}
  0x000001999bc5be9c: ff49 ba78 | c600 b499 | 0100 004c | 8954 2408 | 48c7 0424 | ffff ffff 

  0x000001999bc5beb4: ;   {runtime_call counter_overflow Runtime1 stub}
  0x000001999bc5beb4: e847 e64e 

  0x000001999bc5beb8: ; ImmutableOopMap {rax=Oop r8=Oop }
                      ;*synchronization entry
                      ; - java.lang.Throwable::printStackTrace@-1 (line 660)
                      ; - java.lang.Throwable::printStackTrace@4 (line 651)
                      ; - com.himawari.Simulation.SimulationController::update@48 (line 199)
  0x000001999bc5beb8: 07e9 ccfe 

  0x000001999bc5bebc: ;   {metadata(nullptr)}
  0x000001999bc5bebc: ffff 48ba | 0000 0000 | 0000 0000 | b800 0f05 

  0x000001999bc5becc: ;   {runtime_call load_klass_patching Runtime1 stub}
  0x000001999bc5becc: 0ae8 aed5 

  0x000001999bc5bed0: ; ImmutableOopMap {rax=Oop r8=Oop }
                      ;*new {reexecute=1 rethrow=0 return_oop=0}
                      ; - (reexecute) java.lang.Throwable::printStackTrace@1 (line 660)
                      ; - java.lang.Throwable::printStackTrace@4 (line 651)
                      ; - com.himawari.Simulation.SimulationController::update@48 (line 199)
  0x000001999bc5bed0: 4e07 e9b9 | feff ff48 

  0x000001999bc5bed8: ;   {runtime_call new_instance Runtime1 stub}
  0x000001999bc5bed8: 8bd2 e821 

  0x000001999bc5bedc: ; ImmutableOopMap {r8=Oop [112]=Oop }
                      ;*new {reexecute=0 rethrow=0 return_oop=0}
                      ; - java.lang.Throwable::printStackTrace@1 (line 660)
                      ; - java.lang.Throwable::printStackTrace@4 (line 651)
                      ; - com.himawari.Simulation.SimulationController::update@48 (line 199)
  0x000001999bc5bedc: 7f4e 07e9 | c0fe ffff 

  0x000001999bc5bee4: ;   {internal_word}
  0x000001999bc5bee4: 49ba 0cbe | c59b 9901 | 0000 4d89 | 9768 0400 

  0x000001999bc5bef4: ;   {runtime_call SafepointBlob}
  0x000001999bc5bef4: 00e9 0698 | 4207 498b | 8700 0500 | 0049 c787 | 0005 0000 | 0000 0000 | 49c7 8708 | 0500 0000 
  0x000001999bc5bf14: 0000 0048 | 81c4 9000 

  0x000001999bc5bf1c: ;   {runtime_call unwind_exception Runtime1 stub}
  0x000001999bc5bf1c: 0000 5de9 | 5c5c 4e07 | f4f4 f4f4 
[Stub Code]
  0x000001999bc5bf28: ;   {no_reloc}
  0x000001999bc5bf28: 0f1f 4400 

  0x000001999bc5bf2c: ;   {static_stub}
  0x000001999bc5bf2c: 0048 bbe8 | 1d64 f599 

  0x000001999bc5bf34: ;   {runtime_call I2C/C2I adapters}
  0x000001999bc5bf34: 0100 00e9 | ac1a 4307 

  0x000001999bc5bf3c: ;   {static_stub}
  0x000001999bc5bf3c: 9048 bb30 | fa64 f599 

  0x000001999bc5bf44: ;   {runtime_call I2C/C2I adapters}
  0x000001999bc5bf44: 0100 00e9 | 1775 4207 

  0x000001999bc5bf4c: ;   {static_stub}
  0x000001999bc5bf4c: 9048 bb00 | 0000 0000 

  0x000001999bc5bf54: ;   {runtime_call}
  0x000001999bc5bf54: 0000 00e9 | fbff ffff 

  0x000001999bc5bf5c: ;   {static_stub}
  0x000001999bc5bf5c: 48bb 0000 | 0000 0000 

  0x000001999bc5bf64: ;   {runtime_call}
  0x000001999bc5bf64: 0000 e9fb 

  0x000001999bc5bf68: ;   {runtime_call handle_exception_from_callee Runtime1 stub}
  0x000001999bc5bf68: ffff ffe8 | 90a9 4e07 

  0x000001999bc5bf70: ;   {external_word}
  0x000001999bc5bf70: 48b9 d017 | f003 fd7f | 0000 4883 

  0x000001999bc5bf7c: ;   {runtime_call}
  0x000001999bc5bf7c: e4f0 48b8 | e00c b803 | fd7f 0000 

  0x000001999bc5bf88: ;   {section_word}
  0x000001999bc5bf88: ffd0 f449 | ba8b bfc5 | 9b99 0100 

  0x000001999bc5bf94: ;   {runtime_call DeoptimizationBlob}
  0x000001999bc5bf94: 0041 52e9 | 048a 4207 | f4f4 f4f4 
[/MachCode]


---------------  P R O C E S S  ---------------

Threads class SMR info:
_java_thread_list=0x0000019983276c00, length=12, elements={
0x0000019991551640, 0x00000199b3c13c50, 0x00000199b3c156c0, 0x00000199b3c16730,
0x00000199b3c17410, 0x00000199b3c18280, 0x00000199b3c18ce0, 0x00000199b3c2e7f0,
0x00000199b3c4f2a0, 0x00000199f9132ae0, 0x00000199f90293b0, 0x00000199f9b190e0
}

Java Threads: ( => current thread )
=>0x0000019991551640 JavaThread "main"                              [_thread_in_native, id=5028, stack(0x0000003b4fa00000,0x0000003b4fb00000) (1024K)]
  0x00000199b3c13c50 JavaThread "Reference Handler"          daemon [_thread_blocked, id=3680, stack(0x0000003b50200000,0x0000003b50300000) (1024K)]
  0x00000199b3c156c0 JavaThread "Finalizer"                  daemon [_thread_blocked, id=9476, stack(0x0000003b50300000,0x0000003b50400000) (1024K)]
  0x00000199b3c16730 JavaThread "Signal Dispatcher"          daemon [_thread_blocked, id=21616, stack(0x0000003b50400000,0x0000003b50500000) (1024K)]
  0x00000199b3c17410 JavaThread "Attach Listener"            daemon [_thread_blocked, id=292, stack(0x0000003b50500000,0x0000003b50600000) (1024K)]
  0x00000199b3c18280 JavaThread "Service Thread"             daemon [_thread_blocked, id=7976, stack(0x0000003b50600000,0x0000003b50700000) (1024K)]
  0x00000199b3c18ce0 JavaThread "Monitor Deflation Thread"   daemon [_thread_blocked, id=21760, stack(0x0000003b50700000,0x0000003b50800000) (1024K)]
  0x00000199b3c2e7f0 JavaThread "C2 CompilerThread0"         daemon [_thread_blocked, id=24036, stack(0x0000003b50800000,0x0000003b50900000) (1024K)]
  0x00000199b3c4f2a0 JavaThread "C1 CompilerThread0"         daemon [_thread_blocked, id=12788, stack(0x0000003b50900000,0x0000003b50a00000) (1024K)]
  0x00000199f9132ae0 JavaThread "Notification Thread"        daemon [_thread_blocked, id=24180, stack(0x0000003b50a00000,0x0000003b50b00000) (1024K)]
  0x00000199f90293b0 JavaThread "Common-Cleaner"             daemon [_thread_blocked, id=1232, stack(0x0000003b50b00000,0x0000003b50c00000) (1024K)]
  0x00000199f9b190e0 JavaThread "Thread-0"                          [_thread_blocked, id=24096, stack(0x0000003b51300000,0x0000003b51400000) (1024K)]
Total: 12

Other Threads:
  0x00000199b3bf4e00 VMThread "VM Thread"                           [id=18904, stack(0x0000003b50100000,0x0000003b50200000) (1024K)]
  0x00000199b3bdb5e0 WatcherThread "VM Periodic Task Thread"        [id=1844, stack(0x0000003b50000000,0x0000003b50100000) (1024K)]
  0x0000019993712ec0 WorkerThread "GC Thread#0"                     [id=16120, stack(0x0000003b4fb00000,0x0000003b4fc00000) (1024K)]
  0x00000199f9b19790 WorkerThread "GC Thread#1"                     [id=2900, stack(0x0000003b51400000,0x0000003b51500000) (1024K)]
  0x00000199f9bf6af0 WorkerThread "GC Thread#2"                     [id=15712, stack(0x0000003b51500000,0x0000003b51600000) (1024K)]
  0x00000199f9577da0 WorkerThread "GC Thread#3"                     [id=18348, stack(0x0000003b51600000,0x0000003b51700000) (1024K)]
  0x00000199f9bb3a20 WorkerThread "GC Thread#4"                     [id=23812, stack(0x0000003b51700000,0x0000003b51800000) (1024K)]
  0x00000199f9bb3dc0 WorkerThread "GC Thread#5"                     [id=24388, stack(0x0000003b51800000,0x0000003b51900000) (1024K)]
  0x00000199f9bb32e0 WorkerThread "GC Thread#6"                     [id=18340, stack(0x0000003b51900000,0x0000003b51a00000) (1024K)]
  0x00000199f9bb3680 WorkerThread "GC Thread#7"                     [id=17516, stack(0x0000003b51a00000,0x0000003b51b00000) (1024K)]
  0x000001999371de90 ConcurrentGCThread "G1 Main Marker"            [id=1160, stack(0x0000003b4fc00000,0x0000003b4fd00000) (1024K)]
  0x000001999371f030 WorkerThread "G1 Conc#0"                       [id=17420, stack(0x0000003b4fd00000,0x0000003b4fe00000) (1024K)]
  0x00000199b3ab20d0 ConcurrentGCThread "G1 Refine#0"               [id=22716, stack(0x0000003b4fe00000,0x0000003b4ff00000) (1024K)]
  0x00000199b3ab2b40 ConcurrentGCThread "G1 Service"                [id=9916, stack(0x0000003b4ff00000,0x0000003b50000000) (1024K)]
Total: 14

Threads with active compile tasks:
Total: 0

VM state: not at safepoint (normal execution)

VM Mutex/Monitor currently owned by a thread: None

Heap address: 0x00000006c1800000, size: 5096 MB, Compressed Oops mode: Zero based, Oop shift amount: 3

CDS archive(s) mapped at: [0x00000199b4000000-0x00000199b4c90000-0x00000199b4c90000), size 13172736, SharedBaseAddress: 0x00000199b4000000, ArchiveRelocationMode: 1.
Compressed class space mapped at: 0x00000199b5000000-0x00000199f5000000, reserved size: 1073741824
Narrow klass base: 0x00000199b4000000, Narrow klass shift: 0, Narrow klass range: 0x100000000

GC Precious Log:
 CardTable entry size: 512
 Card Set container configuration: InlinePtr #cards 4 size 8 Array Of Cards #cards 32 size 80 Howl #buckets 8 coarsen threshold 7372 Howl Bitmap #cards 1024 size 144 coarsen threshold 921 Card regions per heap region 1 cards per card region 8192
 CPUs: 8 total, 8 available
 Memory: 20369M
 Large Page Support: Disabled
 NUMA Support: Disabled
 Compressed Oops: Enabled (Zero based)
 Heap Region Size: 4M
 Heap Min Capacity: 8M
 Heap Initial Capacity: 320M
 Heap Max Capacity: 5096M
 Pre-touch: Disabled
 Parallel Workers: 8
 Concurrent Workers: 2
 Concurrent Refinement Workers: 8
 Periodic GC: Disabled

Heap:
 garbage-first heap   total 327680K, used 112949K [0x00000006c1800000, 0x0000000800000000)
  region size 4096K, 26 young (106496K), 1 survivors (4096K)
 Metaspace       used 5114K, committed 5312K, reserved 1114112K
  class space    used 325K, committed 448K, reserved 1048576K

Heap Regions: E=young(eden), S=young(survivor), O=old, HS=humongous(starts), HC=humongous(continues), CS=collection set, F=free, TAMS=top-at-mark-start, PB=parsable bottom
|   0|0x00000006c1800000, 0x00000006c1c00000, 0x00000006c1c00000|100%|HS|  |TAMS 0x00000006c1800000| PB 0x00000006c1800000| Complete 
|   1|0x00000006c1c00000, 0x00000006c2000000, 0x00000006c2000000|100%|HS|  |TAMS 0x00000006c1c00000| PB 0x00000006c1c00000| Complete 
|   2|0x00000006c2000000, 0x00000006c2400000, 0x00000006c2400000|100%|HS|  |TAMS 0x00000006c2000000| PB 0x00000006c2000000| Complete 
|   3|0x00000006c2400000, 0x00000006c2400000, 0x00000006c2800000|  0%| F|  |TAMS 0x00000006c2400000| PB 0x00000006c2400000| Untracked 
|   4|0x00000006c2800000, 0x00000006c2800000, 0x00000006c2c00000|  0%| F|  |TAMS 0x00000006c2800000| PB 0x00000006c2800000| Untracked 
|   5|0x00000006c2c00000, 0x00000006c2c00000, 0x00000006c3000000|  0%| F|  |TAMS 0x00000006c2c00000| PB 0x00000006c2c00000| Untracked 
|   6|0x00000006c3000000, 0x00000006c3000000, 0x00000006c3400000|  0%| F|  |TAMS 0x00000006c3000000| PB 0x00000006c3000000| Untracked 
|   7|0x00000006c3400000, 0x00000006c3400000, 0x00000006c3800000|  0%| F|  |TAMS 0x00000006c3400000| PB 0x00000006c3400000| Untracked 
|   8|0x00000006c3800000, 0x00000006c3800000, 0x00000006c3c00000|  0%| F|  |TAMS 0x00000006c3800000| PB 0x00000006c3800000| Untracked 
|   9|0x00000006c3c00000, 0x00000006c3c00000, 0x00000006c4000000|  0%| F|  |TAMS 0x00000006c3c00000| PB 0x00000006c3c00000| Untracked 
|  10|0x00000006c4000000, 0x00000006c4000000, 0x00000006c4400000|  0%| F|  |TAMS 0x00000006c4000000| PB 0x00000006c4000000| Untracked 
|  11|0x00000006c4400000, 0x00000006c4400000, 0x00000006c4800000|  0%| F|  |TAMS 0x00000006c4400000| PB 0x00000006c4400000| Untracked 
|  12|0x00000006c4800000, 0x00000006c4800000, 0x00000006c4c00000|  0%| F|  |TAMS 0x00000006c4800000| PB 0x00000006c4800000| Untracked 
|  13|0x00000006c4c00000, 0x00000006c4c00000, 0x00000006c5000000|  0%| F|  |TAMS 0x00000006c4c00000| PB 0x00000006c4c00000| Untracked 
|  14|0x00000006c5000000, 0x00000006c5000000, 0x00000006c5400000|  0%| F|  |TAMS 0x00000006c5000000| PB 0x00000006c5000000| Untracked 
|  15|0x00000006c5400000, 0x00000006c5400000, 0x00000006c5800000|  0%| F|  |TAMS 0x00000006c5400000| PB 0x00000006c5400000| Untracked 
|  16|0x00000006c5800000, 0x00000006c5800000, 0x00000006c5c00000|  0%| F|  |TAMS 0x00000006c5800000| PB 0x00000006c5800000| Untracked 
|  17|0x00000006c5c00000, 0x00000006c5c00000, 0x00000006c6000000|  0%| F|  |TAMS 0x00000006c5c00000| PB 0x00000006c5c00000| Untracked 
|  18|0x00000006c6000000, 0x00000006c6000000, 0x00000006c6400000|  0%| F|  |TAMS 0x00000006c6000000| PB 0x00000006c6000000| Untracked 
|  19|0x00000006c6400000, 0x00000006c6400000, 0x00000006c6800000|  0%| F|  |TAMS 0x00000006c6400000| PB 0x00000006c6400000| Untracked 
|  20|0x00000006c6800000, 0x00000006c6800000, 0x00000006c6c00000|  0%| F|  |TAMS 0x00000006c6800000| PB 0x00000006c6800000| Untracked 
|  21|0x00000006c6c00000, 0x00000006c6c00000, 0x00000006c7000000|  0%| F|  |TAMS 0x00000006c6c00000| PB 0x00000006c6c00000| Untracked 
|  22|0x00000006c7000000, 0x00000006c7000000, 0x00000006c7400000|  0%| F|  |TAMS 0x00000006c7000000| PB 0x00000006c7000000| Untracked 
|  23|0x00000006c7400000, 0x00000006c7400000, 0x00000006c7800000|  0%| F|  |TAMS 0x00000006c7400000| PB 0x00000006c7400000| Untracked 
|  24|0x00000006c7800000, 0x00000006c7800000, 0x00000006c7c00000|  0%| F|  |TAMS 0x00000006c7800000| PB 0x00000006c7800000| Untracked 
|  25|0x00000006c7c00000, 0x00000006c7c00000, 0x00000006c8000000|  0%| F|  |TAMS 0x00000006c7c00000| PB 0x00000006c7c00000| Untracked 
|  26|0x00000006c8000000, 0x00000006c8000000, 0x00000006c8400000|  0%| F|  |TAMS 0x00000006c8000000| PB 0x00000006c8000000| Untracked 
|  27|0x00000006c8400000, 0x00000006c8400000, 0x00000006c8800000|  0%| F|  |TAMS 0x00000006c8400000| PB 0x00000006c8400000| Untracked 
|  28|0x00000006c8800000, 0x00000006c8800000, 0x00000006c8c00000|  0%| F|  |TAMS 0x00000006c8800000| PB 0x00000006c8800000| Untracked 
|  29|0x00000006c8c00000, 0x00000006c8c00000, 0x00000006c9000000|  0%| F|  |TAMS 0x00000006c8c00000| PB 0x00000006c8c00000| Untracked 
|  30|0x00000006c9000000, 0x00000006c9000000, 0x00000006c9400000|  0%| F|  |TAMS 0x00000006c9000000| PB 0x00000006c9000000| Untracked 
|  31|0x00000006c9400000, 0x00000006c964d710, 0x00000006c9800000| 57%| S|CS|TAMS 0x00000006c9400000| PB 0x00000006c9400000| Complete 
|  32|0x00000006c9800000, 0x00000006c9800000, 0x00000006c9c00000|  0%| F|  |TAMS 0x00000006c9800000| PB 0x00000006c9800000| Untracked 
|  33|0x00000006c9c00000, 0x00000006c9c00000, 0x00000006ca000000|  0%| F|  |TAMS 0x00000006c9c00000| PB 0x00000006c9c00000| Untracked 
|  34|0x00000006ca000000, 0x00000006ca000000, 0x00000006ca400000|  0%| F|  |TAMS 0x00000006ca000000| PB 0x00000006ca000000| Untracked 
|  35|0x00000006ca400000, 0x00000006ca400000, 0x00000006ca800000|  0%| F|  |TAMS 0x00000006ca400000| PB 0x00000006ca400000| Untracked 
|  36|0x00000006ca800000, 0x00000006ca800000, 0x00000006cac00000|  0%| F|  |TAMS 0x00000006ca800000| PB 0x00000006ca800000| Untracked 
|  37|0x00000006cac00000, 0x00000006cac00000, 0x00000006cb000000|  0%| F|  |TAMS 0x00000006cac00000| PB 0x00000006cac00000| Untracked 
|  38|0x00000006cb000000, 0x00000006cb000000, 0x00000006cb400000|  0%| F|  |TAMS 0x00000006cb000000| PB 0x00000006cb000000| Untracked 
|  39|0x00000006cb400000, 0x00000006cb400000, 0x00000006cb800000|  0%| F|  |TAMS 0x00000006cb400000| PB 0x00000006cb400000| Untracked 
|  40|0x00000006cb800000, 0x00000006cb800000, 0x00000006cbc00000|  0%| F|  |TAMS 0x00000006cb800000| PB 0x00000006cb800000| Untracked 
|  41|0x00000006cbc00000, 0x00000006cbc00000, 0x00000006cc000000|  0%| F|  |TAMS 0x00000006cbc00000| PB 0x00000006cbc00000| Untracked 
|  42|0x00000006cc000000, 0x00000006cc000000, 0x00000006cc400000|  0%| F|  |TAMS 0x00000006cc000000| PB 0x00000006cc000000| Untracked 
|  43|0x00000006cc400000, 0x00000006cc400000, 0x00000006cc800000|  0%| F|  |TAMS 0x00000006cc400000| PB 0x00000006cc400000| Untracked 
|  44|0x00000006cc800000, 0x00000006cc800000, 0x00000006ccc00000|  0%| F|  |TAMS 0x00000006cc800000| PB 0x00000006cc800000| Untracked 
|  45|0x00000006ccc00000, 0x00000006ccc00000, 0x00000006cd000000|  0%| F|  |TAMS 0x00000006ccc00000| PB 0x00000006ccc00000| Untracked 
|  46|0x00000006cd000000, 0x00000006cd000000, 0x00000006cd400000|  0%| F|  |TAMS 0x00000006cd000000| PB 0x00000006cd000000| Untracked 
|  47|0x00000006cd400000, 0x00000006cd400000, 0x00000006cd800000|  0%| F|  |TAMS 0x00000006cd400000| PB 0x00000006cd400000| Untracked 
|  48|0x00000006cd800000, 0x00000006cd800000, 0x00000006cdc00000|  0%| F|  |TAMS 0x00000006cd800000| PB 0x00000006cd800000| Untracked 
|  49|0x00000006cdc00000, 0x00000006cdc00000, 0x00000006ce000000|  0%| F|  |TAMS 0x00000006cdc00000| PB 0x00000006cdc00000| Untracked 
|  50|0x00000006ce000000, 0x00000006ce000000, 0x00000006ce400000|  0%| F|  |TAMS 0x00000006ce000000| PB 0x00000006ce000000| Untracked 
|  51|0x00000006ce400000, 0x00000006ce400000, 0x00000006ce800000|  0%| F|  |TAMS 0x00000006ce400000| PB 0x00000006ce400000| Untracked 
|  52|0x00000006ce800000, 0x00000006ce800000, 0x00000006cec00000|  0%| F|  |TAMS 0x00000006ce800000| PB 0x00000006ce800000| Untracked 
|  53|0x00000006cec00000, 0x00000006cec00000, 0x00000006cf000000|  0%| F|  |TAMS 0x00000006cec00000| PB 0x00000006cec00000| Untracked 
|  54|0x00000006cf000000, 0x00000006cf000000, 0x00000006cf400000|  0%| F|  |TAMS 0x00000006cf000000| PB 0x00000006cf000000| Untracked 
|  55|0x00000006cf400000, 0x00000006cf7c3120, 0x00000006cf800000| 94%| E|  |TAMS 0x00000006cf400000| PB 0x00000006cf400000| Complete 
|  56|0x00000006cf800000, 0x00000006cfc00000, 0x00000006cfc00000|100%| E|CS|TAMS 0x00000006cf800000| PB 0x00000006cf800000| Complete 
|  57|0x00000006cfc00000, 0x00000006d0000000, 0x00000006d0000000|100%| E|CS|TAMS 0x00000006cfc00000| PB 0x00000006cfc00000| Complete 
|  58|0x00000006d0000000, 0x00000006d0400000, 0x00000006d0400000|100%| E|CS|TAMS 0x00000006d0000000| PB 0x00000006d0000000| Complete 
|  59|0x00000006d0400000, 0x00000006d0800000, 0x00000006d0800000|100%| E|CS|TAMS 0x00000006d0400000| PB 0x00000006d0400000| Complete 
|  60|0x00000006d0800000, 0x00000006d0c00000, 0x00000006d0c00000|100%| E|CS|TAMS 0x00000006d0800000| PB 0x00000006d0800000| Complete 
|  61|0x00000006d0c00000, 0x00000006d1000000, 0x00000006d1000000|100%| E|CS|TAMS 0x00000006d0c00000| PB 0x00000006d0c00000| Complete 
|  62|0x00000006d1000000, 0x00000006d1400000, 0x00000006d1400000|100%| E|CS|TAMS 0x00000006d1000000| PB 0x00000006d1000000| Complete 
|  63|0x00000006d1400000, 0x00000006d1800000, 0x00000006d1800000|100%| E|CS|TAMS 0x00000006d1400000| PB 0x00000006d1400000| Complete 
|  64|0x00000006d1800000, 0x00000006d1c00000, 0x00000006d1c00000|100%| E|CS|TAMS 0x00000006d1800000| PB 0x00000006d1800000| Complete 
|  65|0x00000006d1c00000, 0x00000006d2000000, 0x00000006d2000000|100%| E|CS|TAMS 0x00000006d1c00000| PB 0x00000006d1c00000| Complete 
|  66|0x00000006d2000000, 0x00000006d2400000, 0x00000006d2400000|100%| E|CS|TAMS 0x00000006d2000000| PB 0x00000006d2000000| Complete 
|  67|0x00000006d2400000, 0x00000006d2800000, 0x00000006d2800000|100%| E|CS|TAMS 0x00000006d2400000| PB 0x00000006d2400000| Complete 
|  68|0x00000006d2800000, 0x00000006d2c00000, 0x00000006d2c00000|100%| E|CS|TAMS 0x00000006d2800000| PB 0x00000006d2800000| Complete 
|  69|0x00000006d2c00000, 0x00000006d3000000, 0x00000006d3000000|100%| E|CS|TAMS 0x00000006d2c00000| PB 0x00000006d2c00000| Complete 
|  70|0x00000006d3000000, 0x00000006d3400000, 0x00000006d3400000|100%| E|CS|TAMS 0x00000006d3000000| PB 0x00000006d3000000| Complete 
|  71|0x00000006d3400000, 0x00000006d3800000, 0x00000006d3800000|100%| E|CS|TAMS 0x00000006d3400000| PB 0x00000006d3400000| Complete 
|  72|0x00000006d3800000, 0x00000006d3c00000, 0x00000006d3c00000|100%| E|CS|TAMS 0x00000006d3800000| PB 0x00000006d3800000| Complete 
|  73|0x00000006d3c00000, 0x00000006d4000000, 0x00000006d4000000|100%| E|CS|TAMS 0x00000006d3c00000| PB 0x00000006d3c00000| Complete 
|  74|0x00000006d4000000, 0x00000006d4400000, 0x00000006d4400000|100%| E|CS|TAMS 0x00000006d4000000| PB 0x00000006d4000000| Complete 
|  75|0x00000006d4400000, 0x00000006d4800000, 0x00000006d4800000|100%| E|CS|TAMS 0x00000006d4400000| PB 0x00000006d4400000| Complete 
|  76|0x00000006d4800000, 0x00000006d4c00000, 0x00000006d4c00000|100%| E|CS|TAMS 0x00000006d4800000| PB 0x00000006d4800000| Complete 
|  77|0x00000006d4c00000, 0x00000006d5000000, 0x00000006d5000000|100%| E|CS|TAMS 0x00000006d4c00000| PB 0x00000006d4c00000| Complete 
|  78|0x00000006d5000000, 0x00000006d5400000, 0x00000006d5400000|100%| E|CS|TAMS 0x00000006d5000000| PB 0x00000006d5000000| Complete 
|  79|0x00000006d5400000, 0x00000006d5800000, 0x00000006d5800000|100%| E|CS|TAMS 0x00000006d5400000| PB 0x00000006d5400000| Complete 

Card table byte_map: [0x00000199ab840000,0x00000199ac240000] _byte_map_base: 0x00000199a8234000

Marking Bits: (CMBitMap*) 0x00000199937134c0
 Bits: [0x00000199ac240000, 0x00000199b11e0000)

Polling page: 0x00000199916b0000

Metaspace:

Usage:
  Non-class:      4.68 MB used.
      Class:    325.74 KB used.
       Both:      5.00 MB used.

Virtual space:
  Non-class space:       64.00 MB reserved,       4.75 MB (  7%) committed,  1 nodes.
      Class space:        1.00 GB reserved,     448.00 KB ( <1%) committed,  1 nodes.
             Both:        1.06 GB reserved,       5.19 MB ( <1%) committed. 

Chunk freelists:
   Non-Class:  9.58 MB
       Class:  15.58 MB
        Both:  25.16 MB

MaxMetaspaceSize: unlimited
CompressedClassSpaceSize: 1.00 GB
Initial GC threshold: 21.00 MB
Current GC threshold: 21.00 MB
CDS: on
 - commit_granule_bytes: 65536.
 - commit_granule_words: 8192.
 - virtual_space_node_default_size: 8388608.
 - enlarge_chunks_in_place: 1.
 - use_allocation_guard: 0.


Internal statistics:

num_allocs_failed_limit: 0.
num_arena_births: 122.
num_arena_deaths: 0.
num_vsnodes_births: 2.
num_vsnodes_deaths: 0.
num_space_committed: 81.
num_space_uncommitted: 0.
num_chunks_returned_to_freelist: 0.
num_chunks_taken_from_freelist: 249.
num_chunk_merges: 0.
num_chunk_splits: 158.
num_chunks_enlarged: 97.
num_inconsistent_stats: 0.

CodeHeap 'non-profiled nmethods': size=120000Kb used=506Kb max_used=506Kb free=119493Kb
 bounds [0x00000199a35d0000, 0x00000199a3840000, 0x00000199aab00000]
CodeHeap 'profiled nmethods': size=120000Kb used=1572Kb max_used=1572Kb free=118427Kb
 bounds [0x000001999bb00000, 0x000001999bd70000, 0x00000199a3030000]
CodeHeap 'non-nmethods': size=5760Kb used=2146Kb max_used=2192Kb free=3613Kb
 bounds [0x00000199a3030000, 0x00000199a32a0000, 0x00000199a35d0000]
 total_blobs=2155 nmethods=1047 adapters=1013
 compilation: enabled
              stopped_count=0, restarted_count=0
 full_count=0

Compilation events (20 events):
Event: 3.247 Thread 0x00000199b3c4f2a0 1028       2       java.nio.Buffer::nextGetIndex (30 bytes)
Event: 3.248 Thread 0x00000199b3c4f2a0 nmethod 1028 0x000001999bc85810 code [0x000001999bc859c0, 0x000001999bc85ba0]
Event: 3.248 Thread 0x00000199b3c4f2a0 1033       3       java.awt.image.ColorModel::getRGBdefault (4 bytes)
Event: 3.248 Thread 0x00000199b3c4f2a0 nmethod 1033 0x000001999bc85c90 code [0x000001999bc85e20, 0x000001999bc85f18]
Event: 3.248 Thread 0x00000199b3c4f2a0 1034       2       java.awt.image.PackedColorModel::equals (152 bytes)
Event: 3.248 Thread 0x00000199b3c2e7f0 nmethod 1038 0x00000199a3649390 code [0x00000199a3649520, 0x00000199a3649610]
Event: 3.248 Thread 0x00000199b3c2e7f0 1039       4       java.awt.image.BufferedImage::setRGB (19 bytes)
Event: 3.249 Thread 0x00000199b3c4f2a0 nmethod 1034 0x000001999bc85f90 code [0x000001999bc86180, 0x000001999bc865f8]
Event: 3.249 Thread 0x00000199b3c4f2a0 1035       2       sun.awt.image.IntegerInterleavedRaster::setDataElements (91 bytes)
Event: 3.250 Thread 0x00000199b3c4f2a0 nmethod 1035 0x000001999bc86890 code [0x000001999bc86a60, 0x000001999bc86d30]
Event: 3.250 Thread 0x00000199b3c4f2a0 1036       2       sun.awt.image.SunWritableRaster::markDirty (8 bytes)
Event: 3.250 Thread 0x00000199b3c4f2a0 nmethod 1036 0x000001999bc86f90 code [0x000001999bc87120, 0x000001999bc87268]
Event: 3.250 Thread 0x00000199b3c4f2a0 1037       2       sun.java2d.StateTrackableDelegate::markDirty (6 bytes)
Event: 3.250 Thread 0x00000199b3c4f2a0 nmethod 1037 0x000001999bc87310 code [0x000001999bc874a0, 0x000001999bc875d0]
Event: 3.254 Thread 0x00000199b3c2e7f0 nmethod 1039 0x00000199a3649710 code [0x00000199a36498e0, 0x00000199a3649ca0]
Event: 3.254 Thread 0x00000199b3c2e7f0 1040       4       java.awt.image.DirectColorModel::getDataElements (928 bytes)
Event: 3.258 Thread 0x00000199b3c4f2a0 1043 %     3       com.himawari.Recording.FrameSaverThread::saveFrame @ 39 (127 bytes)
Event: 3.259 Thread 0x00000199b3c4f2a0 nmethod 1043% 0x000001999bc87690 code [0x000001999bc878c0, 0x000001999bc88140]
Event: 3.259 Thread 0x00000199b3c4f2a0 1044       3       com.himawari.Recording.FrameSaverThread::saveFrame (127 bytes)
Event: 3.259 Thread 0x00000199b3c2e7f0 nmethod 1040 0x00000199a364a010 code [0x00000199a364a1e0, 0x00000199a364a690]

GC Heap History (6 events):
Event: 1.321 GC heap before
{Heap before GC invocations=0 (full 0):
 garbage-first heap   total 327680K, used 20480K [0x00000006c1800000, 0x0000000800000000)
  region size 4096K, 5 young (20480K), 0 survivors (0K)
 Metaspace       used 4515K, committed 4736K, reserved 1114112K
  class space    used 267K, committed 384K, reserved 1048576K
}
Event: 1.328 GC heap after
{Heap after GC invocations=1 (full 0):
 garbage-first heap   total 327680K, used 2284K [0x00000006c1800000, 0x0000000800000000)
  region size 4096K, 1 young (4096K), 1 survivors (4096K)
 Metaspace       used 4515K, committed 4736K, reserved 1114112K
  class space    used 267K, committed 384K, reserved 1048576K
}
Event: 1.580 GC heap before
{Heap before GC invocations=1 (full 0):
 garbage-first heap   total 327680K, used 35052K [0x00000006c1800000, 0x0000000800000000)
  region size 4096K, 9 young (36864K), 1 survivors (4096K)
 Metaspace       used 4521K, committed 4736K, reserved 1114112K
  class space    used 267K, committed 384K, reserved 1048576K
}
Event: 1.582 GC heap after
{Heap after GC invocations=2 (full 0):
 garbage-first heap   total 327680K, used 2365K [0x00000006c1800000, 0x0000000800000000)
  region size 4096K, 1 young (4096K), 1 survivors (4096K)
 Metaspace       used 4521K, committed 4736K, reserved 1114112K
  class space    used 267K, committed 384K, reserved 1048576K
}
Event: 2.716 GC heap before
{Heap before GC invocations=2 (full 0):
 garbage-first heap   total 327680K, used 194877K [0x00000006c1800000, 0x0000000800000000)
  region size 4096K, 48 young (196608K), 1 survivors (4096K)
 Metaspace       used 4532K, committed 4736K, reserved 1114112K
  class space    used 267K, committed 384K, reserved 1048576K
}
Event: 2.719 GC heap after
{Heap after GC invocations=3 (full 0):
 garbage-first heap   total 327680K, used 2357K [0x00000006c1800000, 0x0000000800000000)
  region size 4096K, 1 young (4096K), 1 survivors (4096K)
 Metaspace       used 4532K, committed 4736K, reserved 1114112K
  class space    used 267K, committed 384K, reserved 1048576K
}

Dll operation events (9 events):
Event: 0.016 Loaded shared library D:\Program Files\JAVA\jdk-21\bin\java.dll
Event: 0.081 Loaded shared library D:\Program Files\JAVA\jdk-21\bin\jsvml.dll
Event: 0.165 Loaded shared library D:\Program Files\JAVA\jdk-21\bin\net.dll
Event: 0.168 Loaded shared library D:\Program Files\JAVA\jdk-21\bin\nio.dll
Event: 0.172 Loaded shared library D:\Program Files\JAVA\jdk-21\bin\zip.dll
Event: 0.295 Loaded shared library D:\Program Files\JAVA\jdk-21\bin\jimage.dll
Event: 0.336 Loaded shared library C:\Users\tiago\AppData\Local\Temp\lwjgl_tiago\3.3.6+1\x64\lwjgl.dll
Event: 0.685 Loaded shared library C:\Users\tiago\AppData\Local\Temp\lwjgl_tiago\3.3.6+1\x64\lwjgl_opengl.dll
Event: 3.180 Loaded shared library D:\Program Files\JAVA\jdk-21\bin\awt.dll

Deoptimization events (20 events):
Event: 1.596 Thread 0x0000019991551640 Uncommon trap: trap_request=0xffffffbe fr.pc=0x00000199a3621958 relative=0x0000000000000478
Event: 1.596 Thread 0x0000019991551640 Uncommon trap: reason=profile_predicate action=maybe_recompile pc=0x00000199a3621958 method=com.himawari.Input.Input.tick()V @ 59 c2
Event: 1.596 Thread 0x0000019991551640 DEOPT PACKING pc=0x00000199a3621958 sp=0x0000003b4faff670
Event: 1.596 Thread 0x0000019991551640 DEOPT UNPACKING pc=0x00000199a30846a2 sp=0x0000003b4faff620 mode 2
Event: 2.302 Thread 0x0000019991551640 Uncommon trap: trap_request=0xffffff45 fr.pc=0x00000199a3622434 relative=0x00000000000005d4
Event: 2.302 Thread 0x0000019991551640 Uncommon trap: reason=unstable_if action=reinterpret pc=0x00000199a3622434 method=java.util.BitSet.get(I)Z @ 45 c2
Event: 2.302 Thread 0x0000019991551640 DEOPT PACKING pc=0x00000199a3622434 sp=0x0000003b4faff670
Event: 2.302 Thread 0x0000019991551640 DEOPT UNPACKING pc=0x00000199a30846a2 sp=0x0000003b4faff5b0 mode 2
Event: 2.302 Thread 0x0000019991551640 Uncommon trap: trap_request=0xffffff45 fr.pc=0x00000199a360cbb8 relative=0x0000000000000098
Event: 2.302 Thread 0x0000019991551640 Uncommon trap: reason=unstable_if action=reinterpret pc=0x00000199a360cbb8 method=java.util.BitSet.get(I)Z @ 45 c2
Event: 2.302 Thread 0x0000019991551640 DEOPT PACKING pc=0x00000199a360cbb8 sp=0x0000003b4faff620
Event: 2.302 Thread 0x0000019991551640 DEOPT UNPACKING pc=0x00000199a30846a2 sp=0x0000003b4faff5b0 mode 2
Event: 2.303 Thread 0x0000019991551640 Uncommon trap: trap_request=0xffffff45 fr.pc=0x00000199a3620edc relative=0x000000000000043c
Event: 2.303 Thread 0x0000019991551640 Uncommon trap: reason=unstable_if action=reinterpret pc=0x00000199a3620edc method=java.util.BitSet.get(I)Z @ 45 c2
Event: 2.303 Thread 0x0000019991551640 DEOPT PACKING pc=0x00000199a3620edc sp=0x0000003b4faff670
Event: 2.303 Thread 0x0000019991551640 DEOPT UNPACKING pc=0x00000199a30846a2 sp=0x0000003b4faff5b0 mode 2
Event: 2.428 Thread 0x0000019991551640 DEOPT PACKING pc=0x000001999bc61af2 sp=0x0000003b4faff640
Event: 2.428 Thread 0x0000019991551640 DEOPT UNPACKING pc=0x00000199a3084e42 sp=0x0000003b4fafeb10 mode 0
Event: 2.444 Thread 0x0000019991551640 DEOPT PACKING pc=0x000001999bc61af2 sp=0x0000003b4faff640
Event: 2.444 Thread 0x0000019991551640 DEOPT UNPACKING pc=0x00000199a3084e42 sp=0x0000003b4fafeb10 mode 0

Classes loaded (20 events):
Event: 3.201 Loading class sun/awt/resources/awt_en
Event: 3.201 Loading class sun/awt/resources/awt_en done
Event: 3.204 Loading class sun/awt/resources/awt_en_GB
Event: 3.204 Loading class sun/awt/resources/awt_en_GB done
Event: 3.204 Loading class sun/awt/resources/awt_en_GB
Event: 3.204 Loading class sun/awt/resources/awt_en_GB done
Event: 3.204 Loading class java/awt/Toolkit$2
Event: 3.204 Loading class java/awt/Toolkit$2 done
Event: 3.206 Loading class java/awt/Toolkit$1
Event: 3.206 Loading class java/awt/Toolkit$1 done
Event: 3.226 Loading class java/io/FileNotFoundException
Event: 3.226 Loading class java/io/FileNotFoundException done
Event: 3.239 Loading class java/awt/Insets
Event: 3.239 Loading class java/awt/Insets done
Event: 3.239 Loading class java/awt/GraphicsEnvironment
Event: 3.240 Loading class java/awt/GraphicsEnvironment done
Event: 3.242 Loading class sun/awt/PlatformGraphicsInfo
Event: 3.242 Loading class sun/awt/PlatformGraphicsInfo done
Event: 3.242 Loading class java/awt/image/ColorModel$1RGBdefault
Event: 3.243 Loading class java/awt/image/ColorModel$1RGBdefault done

Classes unloaded (0 events):
No events

Classes redefined (0 events):
No events

Internal exceptions (20 events):
Event: 0.346 Thread 0x0000019991551640 Exception <a 'sun/nio/fs/WindowsException'{0x00000006d503c820}> (0x00000006d503c820) 
thrown [s\open\src\hotspot\share\prims\jni.cpp, line 520]
Event: 0.346 Thread 0x0000019991551640 Exception <a 'sun/nio/fs/WindowsException'{0x00000006d503cd50}> (0x00000006d503cd50) 
thrown [s\open\src\hotspot\share\prims\jni.cpp, line 520]
Event: 0.434 Thread 0x0000019991551640 Exception <a 'java/lang/NoSuchMethodError'{0x00000006d50df990}: 'int java.lang.invoke.DirectMethodHandle$Holder.invokeStaticInit(java.lang.Object, java.lang.Object, int, long)'> (0x00000006d50df990) 
thrown [s\open\src\hotspot\share\interpreter\linkResolver.cpp, line 773]
Event: 0.435 Thread 0x0000019991551640 Exception <a 'java/lang/NoSuchMethodError'{0x00000006d50e4c68}: 'java.lang.Object java.lang.invoke.DirectMethodHandle$Holder.newInvokeSpecial(java.lang.Object, java.lang.Object, int)'> (0x00000006d50e4c68) 
thrown [s\open\src\hotspot\share\interpreter\linkResolver.cpp, line 773]
Event: 0.439 Thread 0x0000019991551640 Exception <a 'java/lang/NoSuchMethodError'{0x00000006d50f3dc8}: 'int java.lang.invoke.DirectMethodHandle$Holder.invokeStaticInit(java.lang.Object, java.lang.Object, long, long)'> (0x00000006d50f3dc8) 
thrown [s\open\src\hotspot\share\interpreter\linkResolver.cpp, line 773]
Event: 0.441 Thread 0x0000019991551640 Exception <a 'java/lang/NoSuchMethodError'{0x00000006d50f9630}: 'java.lang.Object java.lang.invoke.DirectMethodHandle$Holder.newInvokeSpecial(java.lang.Object, java.lang.Object, long)'> (0x00000006d50f9630) 
thrown [s\open\src\hotspot\share\interpreter\linkResolver.cpp, line 773]
Event: 0.442 Thread 0x0000019991551640 Exception <a 'java/lang/NoSuchMethodError'{0x00000006d50fd6d0}: 'java.lang.Object java.lang.invoke.Invokers$Holder.linkToTargetMethod(java.lang.Object, long, java.lang.Object)'> (0x00000006d50fd6d0) 
thrown [s\open\src\hotspot\share\interpreter\linkResolver.cpp, line 773]
Event: 0.443 Thread 0x0000019991551640 Exception <a 'java/lang/NoSuchMethodError'{0x00000006d5104758}: 'int java.lang.invoke.DirectMethodHandle$Holder.invokeStaticInit(java.lang.Object, java.lang.Object, java.lang.Object, long)'> (0x00000006d5104758) 
thrown [s\open\src\hotspot\share\interpreter\linkResolver.cpp, line 773]
Event: 0.474 Thread 0x0000019991551640 Exception <a 'sun/nio/fs/WindowsException'{0x00000006d51b8710}> (0x00000006d51b8710) 
thrown [s\open\src\hotspot\share\prims\jni.cpp, line 520]
Event: 0.474 Thread 0x0000019991551640 Exception <a 'sun/nio/fs/WindowsException'{0x00000006d51b8a70}> (0x00000006d51b8a70) 
thrown [s\open\src\hotspot\share\prims\jni.cpp, line 520]
Event: 0.499 Thread 0x0000019991551640 Exception <a 'java/lang/NoSuchMethodError'{0x00000006d51cd858}: 'int java.lang.invoke.Invokers$Holder.invokeExact_MT(java.lang.Object, java.lang.Object)'> (0x00000006d51cd858) 
thrown [s\open\src\hotspot\share\interpreter\linkResolver.cpp, line 773]
Event: 0.674 Thread 0x0000019991551640 Exception <a 'java/lang/NoSuchMethodError'{0x00000006d5256be0}: 'void java.lang.System.load(java.lang.String, java.lang.Class)'> (0x00000006d5256be0) 
thrown [s\open\src\hotspot\share\interpreter\linkResolver.cpp, line 773]
Event: 0.676 Thread 0x0000019991551640 Exception <a 'java/lang/NoSuchMethodError'{0x00000006d5259580}: 'void java.lang.System.loadLibrary(java.lang.String, java.lang.Class)'> (0x00000006d5259580) 
thrown [s\open\src\hotspot\share\interpreter\linkResolver.cpp, line 773]
Event: 0.683 Thread 0x0000019991551640 Exception <a 'sun/nio/fs/WindowsException'{0x00000006d5268b18}> (0x00000006d5268b18) 
thrown [s\open\src\hotspot\share\prims\jni.cpp, line 520]
Event: 0.683 Thread 0x0000019991551640 Exception <a 'sun/nio/fs/WindowsException'{0x00000006d5268eb8}> (0x00000006d5268eb8) 
thrown [s\open\src\hotspot\share\prims\jni.cpp, line 520]
Event: 0.698 Thread 0x0000019991551640 Exception <a 'sun/nio/fs/WindowsException'{0x00000006d5274600}> (0x00000006d5274600) 
thrown [s\open\src\hotspot\share\prims\jni.cpp, line 520]
Event: 0.699 Thread 0x0000019991551640 Exception <a 'sun/nio/fs/WindowsException'{0x00000006d52748d0}> (0x00000006d52748d0) 
thrown [s\open\src\hotspot\share\prims\jni.cpp, line 520]
Event: 3.199 Thread 0x00000199f9b190e0 Exception <a 'java/lang/ClassNotFoundException'{0x00000006d2e091f8}: sun/awt/resources/spi/awtProvider> (0x00000006d2e091f8) 
thrown [s\open\src\hotspot\share\classfile\systemDictionary.cpp, line 312]
Event: 3.226 Thread 0x00000199f9b190e0 Exception <a 'java/io/FileNotFoundException'{0x00000006d2e50d48}> (0x00000006d2e50d48) 
thrown [s\open\src\hotspot\share\prims\jni.cpp, line 520]
Event: 3.239 Thread 0x00000199f9b190e0 Exception <a 'java/io/FileNotFoundException'{0x00000006d2e7ab90}> (0x00000006d2e7ab90) 
thrown [s\open\src\hotspot\share\prims\jni.cpp, line 520]

ZGC Phase Switch (0 events):
No events

VM Operations (12 events):
Event: 0.177 Executing VM operation: HandshakeAllThreads (Deoptimize)
Event: 0.177 Executing VM operation: HandshakeAllThreads (Deoptimize) done
Event: 0.325 Executing VM operation: HandshakeAllThreads (Deoptimize)
Event: 0.325 Executing VM operation: HandshakeAllThreads (Deoptimize) done
Event: 1.321 Executing VM operation: G1CollectForAllocation (G1 Evacuation Pause)
Event: 1.328 Executing VM operation: G1CollectForAllocation (G1 Evacuation Pause) done
Event: 1.580 Executing VM operation: G1CollectForAllocation (G1 Evacuation Pause)
Event: 1.582 Executing VM operation: G1CollectForAllocation (G1 Evacuation Pause) done
Event: 2.595 Executing VM operation: Cleanup
Event: 2.595 Executing VM operation: Cleanup done
Event: 2.716 Executing VM operation: G1CollectForAllocation (G1 Evacuation Pause)
Event: 2.719 Executing VM operation: G1CollectForAllocation (G1 Evacuation Pause) done

Events (18 events):
Event: 0.037 Thread 0x0000019991551640 Thread added: 0x0000019991551640
Event: 0.078 Thread 0x00000199b3c13c50 Thread added: 0x00000199b3c13c50
Event: 0.078 Thread 0x00000199b3c156c0 Thread added: 0x00000199b3c156c0
Event: 0.078 Thread 0x00000199b3c16730 Thread added: 0x00000199b3c16730
Event: 0.078 Thread 0x00000199b3c17410 Thread added: 0x00000199b3c17410
Event: 0.078 Thread 0x00000199b3c18280 Thread added: 0x00000199b3c18280
Event: 0.079 Thread 0x00000199b3c18ce0 Thread added: 0x00000199b3c18ce0
Event: 0.079 Thread 0x00000199b3c2e7f0 Thread added: 0x00000199b3c2e7f0
Event: 0.079 Thread 0x00000199b3c4f2a0 Thread added: 0x00000199b3c4f2a0
Event: 0.119 Thread 0x00000199f9132ae0 Thread added: 0x00000199f9132ae0
Event: 0.126 Thread 0x00000199f90293b0 Thread added: 0x00000199f90293b0
Event: 0.427 Thread 0x00000199f94a70f0 Thread added: 0x00000199f94a70f0
Event: 0.651 Thread 0x00000199f94a70f0 Thread exited: 0x00000199f94a70f0
Event: 1.301 Thread 0x00000199f9b18a30 Thread added: 0x00000199f9b18a30
Event: 1.311 Thread 0x00000199f9b190e0 Thread added: 0x00000199f9b190e0
Event: 2.303 Thread 0x00000199f9b190e0 Thread exited: 0x00000199f9b190e0
Event: 2.905 Thread 0x00000199f9b190e0 Thread added: 0x00000199f9b190e0
Event: 3.147 Thread 0x00000199f9b18a30 Thread exited: 0x00000199f9b18a30


Dynamic libraries:
0x00007ff7b3890000 - 0x00007ff7b38a0000 	D:\Program Files\JAVA\jdk-21\bin\java.exe
0x00007ffdb4fd0000 - 0x00007ffdb51c8000 	C:\WINDOWS\SYSTEM32\ntdll.dll
0x00007ffdb4070000 - 0x00007ffdb4132000 	C:\WINDOWS\System32\KERNEL32.DLL
0x00007ffdb2aa0000 - 0x00007ffdb2d96000 	C:\WINDOWS\System32\KERNELBASE.dll
0x00007ffdb2870000 - 0x00007ffdb2970000 	C:\WINDOWS\System32\ucrtbase.dll
0x00007ffd815f0000 - 0x00007ffd8160b000 	D:\Program Files\JAVA\jdk-21\bin\VCRUNTIME140.dll
0x00007ffd79f60000 - 0x00007ffd79f79000 	D:\Program Files\JAVA\jdk-21\bin\jli.dll
0x00007ffdb2ff0000 - 0x00007ffdb309f000 	C:\WINDOWS\System32\ADVAPI32.dll
0x00007ffdb46e0000 - 0x00007ffdb477e000 	C:\WINDOWS\System32\msvcrt.dll
0x00007ffdb4ef0000 - 0x00007ffdb4f8f000 	C:\WINDOWS\System32\sechost.dll
0x00007ffdb4520000 - 0x00007ffdb4643000 	C:\WINDOWS\System32\RPCRT4.dll
0x00007ffdb2da0000 - 0x00007ffdb2dc7000 	C:\WINDOWS\System32\bcrypt.dll
0x00007ffdb3a30000 - 0x00007ffdb3bcd000 	C:\WINDOWS\System32\USER32.dll
0x00007ffdb2660000 - 0x00007ffdb2682000 	C:\WINDOWS\System32\win32u.dll
0x00007ffda45b0000 - 0x00007ffda484a000 	C:\WINDOWS\WinSxS\amd64_microsoft.windows.common-controls_6595b64144ccf1df_6.0.19041.4355_none_60b8b9eb71f62e16\COMCTL32.dll
0x00007ffdb3a00000 - 0x00007ffdb3a2b000 	C:\WINDOWS\System32\GDI32.dll
0x00007ffdb2e80000 - 0x00007ffdb2f9a000 	C:\WINDOWS\System32\gdi32full.dll
0x00007ffdb2a00000 - 0x00007ffdb2a9d000 	C:\WINDOWS\System32\msvcp_win.dll
0x00007ffdad710000 - 0x00007ffdad71a000 	C:\WINDOWS\SYSTEM32\VERSION.dll
0x00007ffdb3bd0000 - 0x00007ffdb3bff000 	C:\WINDOWS\System32\IMM32.DLL
0x00007ffdac5c0000 - 0x00007ffdac5cc000 	D:\Program Files\JAVA\jdk-21\bin\vcruntime140_1.dll
0x00007ffd789e0000 - 0x00007ffd78a6e000 	D:\Program Files\JAVA\jdk-21\bin\msvcp140.dll
0x00007ffd03560000 - 0x00007ffd04273000 	D:\Program Files\JAVA\jdk-21\bin\server\jvm.dll
0x00007ffdb3df0000 - 0x00007ffdb3e5b000 	C:\WINDOWS\System32\WS2_32.dll
0x00007ffdb1b70000 - 0x00007ffdb1bbb000 	C:\WINDOWS\SYSTEM32\POWRPROF.dll
0x00007ffda4a20000 - 0x00007ffda4a47000 	C:\WINDOWS\SYSTEM32\WINMM.dll
0x00007ffdb1a30000 - 0x00007ffdb1a42000 	C:\WINDOWS\SYSTEM32\UMPDC.dll
0x00007ffdb0e40000 - 0x00007ffdb0e52000 	C:\WINDOWS\SYSTEM32\kernel.appcore.dll
0x00007ffdab440000 - 0x00007ffdab44a000 	D:\Program Files\JAVA\jdk-21\bin\jimage.dll
0x00007ffdb0b00000 - 0x00007ffdb0ce4000 	C:\WINDOWS\SYSTEM32\DBGHELP.DLL
0x00007ffd8b610000 - 0x00007ffd8b644000 	C:\WINDOWS\SYSTEM32\dbgcore.DLL
0x00007ffdb2970000 - 0x00007ffdb29f2000 	C:\WINDOWS\System32\bcryptPrimitives.dll
0x00007ffd78e20000 - 0x00007ffd78e3f000 	D:\Program Files\JAVA\jdk-21\bin\java.dll
0x00007ffdb4780000 - 0x00007ffdb4eef000 	C:\WINDOWS\System32\SHELL32.dll
0x00007ffdb0350000 - 0x00007ffdb0af3000 	C:\WINDOWS\SYSTEM32\windows.storage.dll
0x00007ffdb3640000 - 0x00007ffdb3995000 	C:\WINDOWS\System32\combase.dll
0x00007ffdb2090000 - 0x00007ffdb20bb000 	C:\WINDOWS\SYSTEM32\Wldp.dll
0x00007ffdb3fa0000 - 0x00007ffdb406d000 	C:\WINDOWS\System32\OLEAUT32.dll
0x00007ffdb3590000 - 0x00007ffdb363d000 	C:\WINDOWS\System32\SHCORE.dll
0x00007ffdb39a0000 - 0x00007ffdb39f5000 	C:\WINDOWS\System32\shlwapi.dll
0x00007ffdb2590000 - 0x00007ffdb25b5000 	C:\WINDOWS\SYSTEM32\profapi.dll
0x00007ffd2a5f0000 - 0x00007ffd2a6c7000 	D:\Program Files\JAVA\jdk-21\bin\jsvml.dll
0x00007ffdaa630000 - 0x00007ffdaa640000 	D:\Program Files\JAVA\jdk-21\bin\net.dll
0x00007ffda95c0000 - 0x00007ffda96ca000 	C:\WINDOWS\SYSTEM32\WINHTTP.dll
0x00007ffdb1dd0000 - 0x00007ffdb1e3c000 	C:\WINDOWS\system32\mswsock.dll
0x00007ffd78e00000 - 0x00007ffd78e16000 	D:\Program Files\JAVA\jdk-21\bin\nio.dll
0x00007ffd789c0000 - 0x00007ffd789d8000 	D:\Program Files\JAVA\jdk-21\bin\zip.dll
0x00007ffd2a570000 - 0x00007ffd2a5ee000 	C:\Users\tiago\AppData\Local\Temp\lwjgl_tiago\3.3.6+1\x64\lwjgl.dll
0x00007ffd24710000 - 0x00007ffd24799000 	C:\Users\tiago\AppData\Local\Temp\lwjgl_tiago\3.3.6+1\x64\glfw.dll
0x00007ffd2a520000 - 0x00007ffd2a565000 	C:\WINDOWS\SYSTEM32\dinput8.dll
0x00007ffd789a0000 - 0x00007ffd789b1000 	C:\WINDOWS\SYSTEM32\xinput1_4.dll
0x00007ffdb2fa0000 - 0x00007ffdb2fee000 	C:\WINDOWS\System32\cfgmgr32.dll
0x00007ffdb2410000 - 0x00007ffdb2443000 	C:\WINDOWS\SYSTEM32\DEVOBJ.dll
0x00007ffdafdb0000 - 0x00007ffdafddf000 	C:\WINDOWS\SYSTEM32\dwmapi.dll
0x00007ffda5a60000 - 0x00007ffda5bb2000 	C:\WINDOWS\SYSTEM32\inputhost.dll
0x00007ffdae540000 - 0x00007ffdae697000 	C:\WINDOWS\SYSTEM32\wintypes.dll
0x00007ffdace60000 - 0x00007ffdacf52000 	C:\WINDOWS\SYSTEM32\CoreMessaging.dll
0x00007ffdaf8f0000 - 0x00007ffdaf9e6000 	C:\WINDOWS\SYSTEM32\PROPSYS.dll
0x00007ffdac690000 - 0x00007ffdac9eb000 	C:\WINDOWS\SYSTEM32\CoreUIComponents.dll
0x00007ffdb18c0000 - 0x00007ffdb18f3000 	C:\WINDOWS\SYSTEM32\ntmarta.dll
0x00007ffdaf3b0000 - 0x00007ffdaf44e000 	C:\WINDOWS\system32\uxtheme.dll
0x00007ffdb3c20000 - 0x00007ffdb3d35000 	C:\WINDOWS\System32\MSCTF.dll
0x00007ffd9d440000 - 0x00007ffd9d568000 	C:\WINDOWS\SYSTEM32\opengl32.dll
0x00007ffda9de0000 - 0x00007ffda9e0c000 	C:\WINDOWS\SYSTEM32\GLU32.dll
0x00007ffdb3d40000 - 0x00007ffdb3de9000 	C:\WINDOWS\System32\clbcatq.dll
0x00007ffd024b0000 - 0x00007ffd03555000 	C:\WINDOWS\System32\DriverStore\FileRepository\iigd_dch.inf_amd64_51f685305808e3a5\ig9icd64.dll
0x00007ffdb43f0000 - 0x00007ffdb451b000 	C:\WINDOWS\System32\ole32.dll
0x00007ffdb0eb0000 - 0x00007ffdb0fa6000 	C:\WINDOWS\system32\dxgi.dll
0x00007ffd1aaa0000 - 0x00007ffd1abcc000 	C:\WINDOWS\System32\DriverStore\FileRepository\iigd_dch.inf_amd64_51f685305808e3a5\igdml64.dll
0x00007ffda4a50000 - 0x00007ffda4e59000 	C:\WINDOWS\System32\DriverStore\FileRepository\iigd_dch.inf_amd64_51f685305808e3a5\igdgmm64.dll
0x00007ffd9fb10000 - 0x00007ffda32a4000 	C:\WINDOWS\System32\DriverStore\FileRepository\iigd_dch.inf_amd64_51f685305808e3a5\igc64.dll
0x00007ffda5bc0000 - 0x00007ffda5cb9000 	C:\WINDOWS\SYSTEM32\textinputframework.dll
0x00007ffd27e40000 - 0x00007ffd27e9d000 	C:\Users\tiago\AppData\Local\Temp\lwjgl_tiago\3.3.6+1\x64\lwjgl_opengl.dll
0x00007ffd1a910000 - 0x00007ffd1aa9f000 	D:\Program Files\JAVA\jdk-21\bin\awt.dll
0x00007ffdae480000 - 0x00007ffdae514000 	C:\WINDOWS\SYSTEM32\apphelp.dll

dbghelp: loaded successfully - version: 4.0.5 - missing functions: none
symbol engine: initialized successfully - sym options: 0x614 - pdb path: .;D:\Program Files\JAVA\jdk-21\bin;C:\WINDOWS\SYSTEM32;C:\WINDOWS\WinSxS\amd64_microsoft.windows.common-controls_6595b64144ccf1df_6.0.19041.4355_none_60b8b9eb71f62e16;D:\Program Files\JAVA\jdk-21\bin\server;C:\Users\tiago\AppData\Local\Temp\lwjgl_tiago\3.3.6+1\x64;C:\WINDOWS\System32\DriverStore\FileRepository\iigd_dch.inf_amd64_51f685305808e3a5

VM Arguments:
jvm_args: -XX:+ShowCodeDetailsInExceptionMessages 
java_command: com.himawari.Main
java_class_path (initial): D:\TIAGO\program\3denginetake2\engine\target\classes;C:\Users\tiago\.m2\repository\io\github\spair\imgui-java-app\1.89.0\imgui-java-app-1.89.0.jar;C:\Users\tiago\.m2\repository\org\lwjgl\lwjgl\3.3.4\lwjgl-3.3.4-natives-linux.jar;C:\Users\tiago\.m2\repository\org\lwjgl\lwjgl-glfw\3.3.4\lwjgl-glfw-3.3.4-natives-linux.jar;C:\Users\tiago\.m2\repository\org\lwjgl\lwjgl-opengl\3.3.4\lwjgl-opengl-3.3.4-natives-linux.jar;C:\Users\tiago\.m2\repository\org\lwjgl\lwjgl\3.3.4\lwjgl-3.3.4-natives-macos.jar;C:\Users\tiago\.m2\repository\org\lwjgl\lwjgl-glfw\3.3.4\lwjgl-glfw-3.3.4-natives-macos.jar;C:\Users\tiago\.m2\repository\org\lwjgl\lwjgl-opengl\3.3.4\lwjgl-opengl-3.3.4-natives-macos.jar;C:\Users\tiago\.m2\repository\org\lwjgl\lwjgl\3.3.4\lwjgl-3.3.4-natives-macos-arm64.jar;C:\Users\tiago\.m2\repository\org\lwjgl\lwjgl-glfw\3.3.4\lwjgl-glfw-3.3.4-natives-macos-arm64.jar;C:\Users\tiago\.m2\repository\org\lwjgl\lwjgl-opengl\3.3.4\lwjgl-opengl-3.3.4-natives-macos-arm64.jar;C:\Users\tiago\.m2\repository\io\github\spair\imgui-java-natives-windows\1.89.0\imgui-java-natives-windows-1.89.0.jar;C:\Users\tiago\.m2\repository\io\github\spair\imgui-java-binding\1.89.0\imgui-java-binding-1.89.0.jar;C:\Users\tiago\.m2\repository\io\github\spair\imgui-java-lwjgl3\1.89.0\imgui-java-lwjgl3-1.89.0.jar;C:\Users\tiago\.m2\repository\org\lwjgl\lwjgl\3.3.6\lwjgl-3.3.6.jar;C:\Users\tiago\.m2\repository\org\lwjgl\lwjgl-glfw\3.3.6\lwjgl-glfw-3.3.6.jar;C:\Users\tiago\.m2\repository\org\lwjgl\lwjgl-opengl\3.3.6\lwjgl-opengl-3.3.6.jar;C:\Users\tiago\.m2\repository\org\lwjgl\lwjgl\3.3.6\lwjgl-3.3.6-natives-windows.jar;C:\Users\tiago\.m2\repository\org\lwjgl\lwjgl-opengl\3.3.6\lwjgl-opengl-3.3.6-natives-windows.jar;C:\Users\tiago\.m2\repository\org\lwjgl\lwjgl-glfw\3.3.6\lwjgl-glfw-3.3.6-natives-windows.jar;C:\Users\tiago\.m2\repository\com\sun\jna\jna\3.0.9\jna-3.0.9.jar
Launcher Type: SUN_STANDARD

[Global flags]
     intx CICompilerCount                          = 4                                         {product} {ergonomic}
     uint ConcGCThreads                            = 2                                         {product} {ergonomic}
     uint G1ConcRefinementThreads                  = 8                                         {product} {ergonomic}
   size_t G1HeapRegionSize                         = 4194304                                   {product} {ergonomic}
    uintx GCDrainStackTargetSize                   = 64                                        {product} {ergonomic}
   size_t InitialHeapSize                          = 335544320                                 {product} {ergonomic}
   size_t MarkStackSize                            = 4194304                                   {product} {ergonomic}
   size_t MaxHeapSize                              = 5343543296                                {product} {ergonomic}
   size_t MaxNewSize                               = 3204448256                                {product} {ergonomic}
   size_t MinHeapDeltaBytes                        = 4194304                                   {product} {ergonomic}
   size_t MinHeapSize                              = 8388608                                   {product} {ergonomic}
    uintx NonNMethodCodeHeapSize                   = 5839372                                {pd product} {ergonomic}
    uintx NonProfiledCodeHeapSize                  = 122909434                              {pd product} {ergonomic}
    uintx ProfiledCodeHeapSize                     = 122909434                              {pd product} {ergonomic}
    uintx ReservedCodeCacheSize                    = 251658240                              {pd product} {ergonomic}
     bool SegmentedCodeCache                       = true                                      {product} {ergonomic}
     bool ShowCodeDetailsInExceptionMessages       = true                                   {manageable} {command line}
   size_t SoftMaxHeapSize                          = 5343543296                             {manageable} {ergonomic}
     bool UseCompressedOops                        = true                           {product lp64_product} {ergonomic}
     bool UseG1GC                                  = true                                      {product} {ergonomic}
     bool UseLargePagesIndividualAllocation        = false                                  {pd product} {ergonomic}

Logging:
Log output configuration:
 #0: stdout all=warning uptime,level,tags foldmultilines=false
 #1: stderr all=off uptime,level,tags foldmultilines=false

Environment Variables:
JAVA_HOME=D:\Program Files\JAVA\jdk-21
PATH=C:\Program Files (x86)\Common Files\Intel\Shared Libraries\redist\intel64\compiler;D:\app\tiago\product\23ai\dbhomeFree\bin;C:\Program Files\Common Files\Oracle\Java\javapath;D:\Program Files\Python39\Scripts\;D:\Program Files\Python39\;C:\Program Files (x86)\Common Files\Oracle\Java\javapath;C:\WINDOWS\system32;C:\WINDOWS;C:\WINDOWS\System32\Wbem;C:\WINDOWS\System32\WindowsPowerShell\v1.0\;C:\WINDOWS\System32\OpenSSH\;C:\Program Files\dotnet\;D:\Program Files\gnuplot\bin;D:\Program Files\CMake\bin;C:\ProgramData\chocolatey\bin;C:\Program Files\Meson\;D:\Program Files (x86)\kaitai-struct-compiler\bin;D:\Program Files\Neovim\bin;C:\Program Files\usbipd-win\;D:\Program Files\Git\cmd;D:\Program Files\nodejs\;D:\Program Files\PuTTY\;D:\MingW\bin;C:\Users\tiago\scoop\apps\miniconda3\current\Library\bin;C:\Users\tiago\scoop\apps\nodejs\current\bin;C:\Users\tiago\scoop\apps\nodejs\current;C:\Users\tiago\scoop\shims;C:\Users\tiago\.cargo\bin;C:\Users\tiago\AppData\Local\Microsoft\WindowsApps;C:\Users\tiago\.dotnet\tools;C:\Users\tiago\AppData\Local\Programs\BFGroup\B2\;D:\Program Files\Neovim\bin;D:\Program Files\lua;D:\Program Files\JetBrains\IntelliJ IDEA 2023.2.3\bin;;D:\Program Files\Maven\apache-maven-3.9.5\bin;D:\Program Files\JAVA\sdljava-0.9.1\lib;D:\Program Files\JAVA\jdk-21\bin;D:\ProgramData\Git\bin;C:\Users\tiago\AppData\Local\Programs\VSCodium\bin;D:\cc65-snapshot-win32\bin;C:\Program Files\JetBrains\PyCharm Community Edition 2024.1.2\bin;;D:\Program Files\JetBrains\PyCharm 2024.1.4\bin;;D:\TIAGO\program\videothing\ffmpeg\bin;D:\Program Files\LOVE;D:\Program Files (x86)\GnuWin32\bin;D:\Program Files\JetBrains\CLion 2024.3.1.1\bin;;C:\Users\tiago\.dotnet\tools;C:\Users\tiago\AppData\Roaming\npm;D:\TIAGO\school\iseppers\pi4\libs;
USERNAME=tiago
LANG=en_US.UTF-8
OS=Windows_NT
PROCESSOR_IDENTIFIER=Intel64 Family 6 Model 94 Stepping 3, GenuineIntel
TMP=C:\Users\tiago\AppData\Local\Temp
TEMP=C:\Users\tiago\AppData\Local\Temp




---------------  S Y S T E M  ---------------

OS:
 Windows 10 , 64 bit Build 19041 (10.0.19041.5678)
OS uptime: 7 days 7:49 hours
Hyper-V role detected

CPU: total 8 (initial active 8) (4 cores per cpu, 2 threads per core) family 6 model 94 stepping 3 microcode 0xe2, cx8, cmov, fxsr, ht, mmx, 3dnowpref, sse, sse2, sse3, ssse3, sse4.1, sse4.2, popcnt, lzcnt, tsc, tscinvbit, avx, avx2, aes, erms, clmul, bmi1, bmi2, rtm, adx, fma, vzeroupper, clflush, clflushopt, hv, rdtscp, f16c
Processor Information for all 8 processors :
  Max Mhz: 2592, Current Mhz: 2592, Mhz Limit: 2592

Memory: 4k page, system-wide physical 20369M (8006M free)
TotalPageFile size 23488M (AvailPageFile size 7098M)
current process WorkingSet (physical memory assigned to process): 325M, peak: 325M
current process commit charge ("private bytes"): 452M, peak: 461M

vm_info: Java HotSpot(TM) 64-Bit Server VM (21+35-LTS-2513) for windows-amd64 JRE (21+35-LTS-2513), built on 2023-08-09T20:25:10Z by "mach5one" with MS VC++ 17.1 (VS2022)

END.
