[INFO] : #### Initializing window ####
[INFO] : OpenGL version: 4.6.0 - Build 31.0.101.2111
[INFO] : OpenGL flags:
[INFO] : GL_DEPTH_TEST: true
[INFO] : GL_CULL_FACE: false
[INFO] : GL_BLEND: true
[INFO] : Graphics card: Intel(R) HD Graphics 530
[INFO] : Renderer loaded: class com.himawari.Gfx.RendererGPU
[INFO] : Vertex shader: shaders/vertex.vert
[INFO] : Fragment shader: shaders/fragment.frag
[INFO] : Loading simulation data from D:\TIAGO\school\iseppers\pi4\shodrone.simulator\recordings\recording_483683674.yaml and D:\TIAGO\school\iseppers\pi4\shodrone.simulator\recordings\recording_step_483683674.csv
[ERROR] : Step index out of bounds
[ERROR] : Step index out of bounds
[ERROR] : Step index out of bounds
[ERROR] : Step index out of bounds
[ERROR] : Step index out of bounds
[ERROR] : Step index out of bounds
[ERROR] : Step index out of bounds
[ERROR] : Step index out of bounds
[ERROR] : Step index out of bounds
[ERROR] : Step index out of bounds
[ERROR] : Step index out of bounds
[ERROR] : Step index out of bounds
[ERROR] : Step index out of bounds
[ERROR] : Step index out of bounds
